<?xml version="1.0" encoding="UTF-8"?>
<testsuite name="ex.PublicTests$FlightParserTest" tests="6540" skipped="0" failures="0" errors="0" timestamp="2019-12-13T16:26:25" hostname="minh-X550LD" time="6.002">
  <properties/>
  <testcase name="testParser(String)[1]" classname="ex.PublicTests$FlightParserTest" time="0.054"/>
  <testcase name="testParser(String)[2]" classname="ex.PublicTests$FlightParserTest" time="0.002"/>
  <testcase name="testParser(String)[3]" classname="ex.PublicTests$FlightParserTest" time="0.001"/>
  <testcase name="testParser(String)[4]" classname="ex.PublicTests$FlightParserTest" time="0.006"/>
  <testcase name="testParser(String)[5]" classname="ex.PublicTests$FlightParserTest" time="0.005"/>
  <testcase name="testParser(String)[6]" classname="ex.PublicTests$FlightParserTest" time="0.006"/>
  <testcase name="testParser(String)[7]" classname="ex.PublicTests$FlightParserTest" time="0.0"/>
  <testcase name="testParser(String)[8]" classname="ex.PublicTests$FlightParserTest" time="0.004"/>
  <testcase name="testParser(String)[9]" classname="ex.PublicTests$FlightParserTest" time="0.003"/>
  <testcase name="testParser(String)[10]" classname="ex.PublicTests$FlightParserTest" time="0.001"/>
  <testcase name="testParser(String)[11]" classname="ex.PublicTests$FlightParserTest" time="0.0"/>
  <testcase name="testParser(String)[12]" classname="ex.PublicTests$FlightParserTest" time="0.001"/>
  <testcase name="testParser(String)[13]" classname="ex.PublicTests$FlightParserTest" time="0.002"/>
  <testcase name="testParser(String)[14]" classname="ex.PublicTests$FlightParserTest" time="0.001"/>
  <testcase name="testParser(String)[15]" classname="ex.PublicTests$FlightParserTest" time="0.001"/>
  <testcase name="testParser(String)[16]" classname="ex.PublicTests$FlightParserTest" time="0.001"/>
  <testcase name="testParser(String)[17]" classname="ex.PublicTests$FlightParserTest" time="0.004"/>
  <testcase name="testParser(String)[18]" classname="ex.PublicTests$FlightParserTest" time="0.001"/>
  <testcase name="testParser(String)[19]" classname="ex.PublicTests$FlightParserTest" time="0.004"/>
  <testcase name="testParser(String)[20]" classname="ex.PublicTests$FlightParserTest" time="0.001"/>
  <testcase name="testParser(String)[21]" classname="ex.PublicTests$FlightParserTest" time="0.001"/>
  <testcase name="testParser(String)[22]" classname="ex.PublicTests$FlightParserTest" time="0.005"/>
  <testcase name="testParser(String)[23]" classname="ex.PublicTests$FlightParserTest" time="0.003"/>
  <testcase name="testParser(String)[24]" classname="ex.PublicTests$FlightParserTest" time="0.002"/>
  <testcase name="testParser(String)[25]" classname="ex.PublicTests$FlightParserTest" time="0.006"/>
  <testcase name="testParser(String)[26]" classname="ex.PublicTests$FlightParserTest" time="0.001"/>
  <testcase name="testParser(String)[27]" classname="ex.PublicTests$FlightParserTest" time="0.001"/>
  <testcase name="testParser(String)[28]" classname="ex.PublicTests$FlightParserTest" time="0.001"/>
  <testcase name="testParser(String)[29]" classname="ex.PublicTests$FlightParserTest" time="0.001"/>
  <testcase name="testParser(String)[30]" classname="ex.PublicTests$FlightParserTest" time="0.0"/>
  <testcase name="testParser(String)[31]" classname="ex.PublicTests$FlightParserTest" time="0.002"/>
  <testcase name="testParser(String)[32]" classname="ex.PublicTests$FlightParserTest" time="0.001"/>
  <testcase name="testParser(String)[33]" classname="ex.PublicTests$FlightParserTest" time="0.001"/>
  <testcase name="testParser(String)[34]" classname="ex.PublicTests$FlightParserTest" time="0.0"/>
  <testcase name="testParser(String)[35]" classname="ex.PublicTests$FlightParserTest" time="0.001"/>
  <testcase name="testParser(String)[36]" classname="ex.PublicTests$FlightParserTest" time="0.001"/>
  <testcase name="testParser(String)[37]" classname="ex.PublicTests$FlightParserTest" time="0.002"/>
  <testcase name="testParser(String)[38]" classname="ex.PublicTests$FlightParserTest" time="0.002"/>
  <testcase name="testParser(String)[39]" classname="ex.PublicTests$FlightParserTest" time="0.001"/>
  <testcase name="testParser(String)[40]" classname="ex.PublicTests$FlightParserTest" time="0.001"/>
  <testcase name="testParser(String)[41]" classname="ex.PublicTests$FlightParserTest" time="0.0"/>
  <testcase name="testParser(String)[42]" classname="ex.PublicTests$FlightParserTest" time="0.004"/>
  <testcase name="testParser(String)[43]" classname="ex.PublicTests$FlightParserTest" time="0.001"/>
  <testcase name="testParser(String)[44]" classname="ex.PublicTests$FlightParserTest" time="0.001"/>
  <testcase name="testParser(String)[45]" classname="ex.PublicTests$FlightParserTest" time="0.001"/>
  <testcase name="testParser(String)[46]" classname="ex.PublicTests$FlightParserTest" time="0.004"/>
  <testcase name="testParser(String)[47]" classname="ex.PublicTests$FlightParserTest" time="0.003"/>
  <testcase name="testParser(String)[48]" classname="ex.PublicTests$FlightParserTest" time="0.006"/>
  <testcase name="testParser(String)[49]" classname="ex.PublicTests$FlightParserTest" time="0.001"/>
  <testcase name="testParser(String)[50]" classname="ex.PublicTests$FlightParserTest" time="0.002"/>
  <testcase name="testParser(String)[51]" classname="ex.PublicTests$FlightParserTest" time="0.003"/>
  <testcase name="testParser(String)[52]" classname="ex.PublicTests$FlightParserTest" time="0.004"/>
  <testcase name="testParser(String)[53]" classname="ex.PublicTests$FlightParserTest" time="0.0"/>
  <testcase name="testParser(String)[54]" classname="ex.PublicTests$FlightParserTest" time="0.001"/>
  <testcase name="testParser(String)[55]" classname="ex.PublicTests$FlightParserTest" time="0.0"/>
  <testcase name="testParser(String)[56]" classname="ex.PublicTests$FlightParserTest" time="0.0"/>
  <testcase name="testParser(String)[57]" classname="ex.PublicTests$FlightParserTest" time="0.001"/>
  <testcase name="testParser(String)[58]" classname="ex.PublicTests$FlightParserTest" time="0.0"/>
  <testcase name="testParser(String)[59]" classname="ex.PublicTests$FlightParserTest" time="0.001"/>
  <testcase name="testParser(String)[60]" classname="ex.PublicTests$FlightParserTest" time="0.001"/>
  <testcase name="testParser(String)[61]" classname="ex.PublicTests$FlightParserTest" time="0.001"/>
  <testcase name="testParser(String)[62]" classname="ex.PublicTests$FlightParserTest" time="0.0"/>
  <testcase name="testParser(String)[63]" classname="ex.PublicTests$FlightParserTest" time="0.001"/>
  <testcase name="testParser(String)[64]" classname="ex.PublicTests$FlightParserTest" time="0.001"/>
  <testcase name="testParser(String)[65]" classname="ex.PublicTests$FlightParserTest" time="0.0"/>
  <testcase name="testParser(String)[66]" classname="ex.PublicTests$FlightParserTest" time="0.0"/>
  <testcase name="testParser(String)[67]" classname="ex.PublicTests$FlightParserTest" time="0.001"/>
  <testcase name="testParser(String)[68]" classname="ex.PublicTests$FlightParserTest" time="0.001"/>
  <testcase name="testParser(String)[69]" classname="ex.PublicTests$FlightParserTest" time="0.0"/>
  <testcase name="testParser(String)[70]" classname="ex.PublicTests$FlightParserTest" time="0.0"/>
  <testcase name="testParser(String)[71]" classname="ex.PublicTests$FlightParserTest" time="0.007"/>
  <testcase name="testParser(String)[72]" classname="ex.PublicTests$FlightParserTest" time="0.001"/>
  <testcase name="testParser(String)[73]" classname="ex.PublicTests$FlightParserTest" time="0.0"/>
  <testcase name="testParser(String)[74]" classname="ex.PublicTests$FlightParserTest" time="0.001"/>
  <testcase name="testParser(String)[75]" classname="ex.PublicTests$FlightParserTest" time="0.0"/>
  <testcase name="testParser(String)[76]" classname="ex.PublicTests$FlightParserTest" time="0.001"/>
  <testcase name="testParser(String)[77]" classname="ex.PublicTests$FlightParserTest" time="0.0"/>
  <testcase name="testParser(String)[78]" classname="ex.PublicTests$FlightParserTest" time="0.001"/>
  <testcase name="testParser(String)[79]" classname="ex.PublicTests$FlightParserTest" time="0.001"/>
  <testcase name="testParser(String)[80]" classname="ex.PublicTests$FlightParserTest" time="0.001"/>
  <testcase name="testParser(String)[81]" classname="ex.PublicTests$FlightParserTest" time="0.0"/>
  <testcase name="testParser(String)[82]" classname="ex.PublicTests$FlightParserTest" time="0.001"/>
  <testcase name="testParser(String)[83]" classname="ex.PublicTests$FlightParserTest" time="0.001"/>
  <testcase name="testParser(String)[84]" classname="ex.PublicTests$FlightParserTest" time="0.0"/>
  <testcase name="testParser(String)[85]" classname="ex.PublicTests$FlightParserTest" time="0.0"/>
  <testcase name="testParser(String)[86]" classname="ex.PublicTests$FlightParserTest" time="0.001"/>
  <testcase name="testParser(String)[87]" classname="ex.PublicTests$FlightParserTest" time="0.001"/>
  <testcase name="testParser(String)[88]" classname="ex.PublicTests$FlightParserTest" time="0.002"/>
  <testcase name="testParser(String)[89]" classname="ex.PublicTests$FlightParserTest" time="0.001"/>
  <testcase name="testParser(String)[90]" classname="ex.PublicTests$FlightParserTest" time="0.001"/>
  <testcase name="testParser(String)[91]" classname="ex.PublicTests$FlightParserTest" time="0.0"/>
  <testcase name="testParser(String)[92]" classname="ex.PublicTests$FlightParserTest" time="0.001"/>
  <testcase name="testParser(String)[93]" classname="ex.PublicTests$FlightParserTest" time="0.001"/>
  <testcase name="testParser(String)[94]" classname="ex.PublicTests$FlightParserTest" time="0.0"/>
  <testcase name="testParser(String)[95]" classname="ex.PublicTests$FlightParserTest" time="0.002"/>
  <testcase name="testParser(String)[96]" classname="ex.PublicTests$FlightParserTest" time="0.001"/>
  <testcase name="testParser(String)[97]" classname="ex.PublicTests$FlightParserTest" time="0.0"/>
  <testcase name="testParser(String)[98]" classname="ex.PublicTests$FlightParserTest" time="0.001"/>
  <testcase name="testParser(String)[99]" classname="ex.PublicTests$FlightParserTest" time="0.0"/>
  <testcase name="testParser(String)[100]" classname="ex.PublicTests$FlightParserTest" time="0.001"/>
  <testcase name="testParser(String)[101]" classname="ex.PublicTests$FlightParserTest" time="0.0"/>
  <testcase name="testParser(String)[102]" classname="ex.PublicTests$FlightParserTest" time="0.0"/>
  <testcase name="testParser(String)[103]" classname="ex.PublicTests$FlightParserTest" time="0.0"/>
  <testcase name="testParser(String)[104]" classname="ex.PublicTests$FlightParserTest" time="0.0"/>
  <testcase name="testParser(String)[105]" classname="ex.PublicTests$FlightParserTest" time="0.001"/>
  <testcase name="testParser(String)[106]" classname="ex.PublicTests$FlightParserTest" time="0.0"/>
  <testcase name="testParser(String)[107]" classname="ex.PublicTests$FlightParserTest" time="0.001"/>
  <testcase name="testParser(String)[108]" classname="ex.PublicTests$FlightParserTest" time="0.0"/>
  <testcase name="testParser(String)[109]" classname="ex.PublicTests$FlightParserTest" time="0.001"/>
  <testcase name="testParser(String)[110]" classname="ex.PublicTests$FlightParserTest" time="0.0"/>
  <testcase name="testParser(String)[111]" classname="ex.PublicTests$FlightParserTest" time="0.0"/>
  <testcase name="testParser(String)[112]" classname="ex.PublicTests$FlightParserTest" time="0.001"/>
  <testcase name="testParser(String)[113]" classname="ex.PublicTests$FlightParserTest" time="0.0"/>
  <testcase name="testParser(String)[114]" classname="ex.PublicTests$FlightParserTest" time="0.0"/>
  <testcase name="testParser(String)[115]" classname="ex.PublicTests$FlightParserTest" time="0.001"/>
  <testcase name="testParser(String)[116]" classname="ex.PublicTests$FlightParserTest" time="0.0"/>
  <testcase name="testParser(String)[117]" classname="ex.PublicTests$FlightParserTest" time="0.003"/>
  <testcase name="testParser(String)[118]" classname="ex.PublicTests$FlightParserTest" time="0.001"/>
  <testcase name="testParser(String)[119]" classname="ex.PublicTests$FlightParserTest" time="0.001"/>
  <testcase name="testParser(String)[120]" classname="ex.PublicTests$FlightParserTest" time="0.002"/>
  <testcase name="testParser(String)[121]" classname="ex.PublicTests$FlightParserTest" time="0.002"/>
  <testcase name="testParser(String)[122]" classname="ex.PublicTests$FlightParserTest" time="0.003"/>
  <testcase name="testParser(String)[123]" classname="ex.PublicTests$FlightParserTest" time="0.0"/>
  <testcase name="testParser(String)[124]" classname="ex.PublicTests$FlightParserTest" time="0.002"/>
  <testcase name="testParser(String)[125]" classname="ex.PublicTests$FlightParserTest" time="0.001"/>
  <testcase name="testParser(String)[126]" classname="ex.PublicTests$FlightParserTest" time="0.004"/>
  <testcase name="testParser(String)[127]" classname="ex.PublicTests$FlightParserTest" time="0.001"/>
  <testcase name="testParser(String)[128]" classname="ex.PublicTests$FlightParserTest" time="0.002"/>
  <testcase name="testParser(String)[129]" classname="ex.PublicTests$FlightParserTest" time="0.001"/>
  <testcase name="testParser(String)[130]" classname="ex.PublicTests$FlightParserTest" time="0.0"/>
  <testcase name="testParser(String)[131]" classname="ex.PublicTests$FlightParserTest" time="0.0"/>
  <testcase name="testParser(String)[132]" classname="ex.PublicTests$FlightParserTest" time="0.001"/>
  <testcase name="testParser(String)[133]" classname="ex.PublicTests$FlightParserTest" time="0.001"/>
  <testcase name="testParser(String)[134]" classname="ex.PublicTests$FlightParserTest" time="0.001"/>
  <testcase name="testParser(String)[135]" classname="ex.PublicTests$FlightParserTest" time="0.001"/>
  <testcase name="testParser(String)[136]" classname="ex.PublicTests$FlightParserTest" time="0.0"/>
  <testcase name="testParser(String)[137]" classname="ex.PublicTests$FlightParserTest" time="0.0"/>
  <testcase name="testParser(String)[138]" classname="ex.PublicTests$FlightParserTest" time="0.001"/>
  <testcase name="testParser(String)[139]" classname="ex.PublicTests$FlightParserTest" time="0.001"/>
  <testcase name="testParser(String)[140]" classname="ex.PublicTests$FlightParserTest" time="0.0"/>
  <testcase name="testParser(String)[141]" classname="ex.PublicTests$FlightParserTest" time="0.001"/>
  <testcase name="testParser(String)[142]" classname="ex.PublicTests$FlightParserTest" time="0.001"/>
  <testcase name="testParser(String)[143]" classname="ex.PublicTests$FlightParserTest" time="0.0"/>
  <testcase name="testParser(String)[144]" classname="ex.PublicTests$FlightParserTest" time="0.001"/>
  <testcase name="testParser(String)[145]" classname="ex.PublicTests$FlightParserTest" time="0.001"/>
  <testcase name="testParser(String)[146]" classname="ex.PublicTests$FlightParserTest" time="0.0"/>
  <testcase name="testParser(String)[147]" classname="ex.PublicTests$FlightParserTest" time="0.001"/>
  <testcase name="testParser(String)[148]" classname="ex.PublicTests$FlightParserTest" time="0.001"/>
  <testcase name="testParser(String)[149]" classname="ex.PublicTests$FlightParserTest" time="0.001"/>
  <testcase name="testParser(String)[150]" classname="ex.PublicTests$FlightParserTest" time="0.001"/>
  <testcase name="testParser(String)[151]" classname="ex.PublicTests$FlightParserTest" time="0.001"/>
  <testcase name="testParser(String)[152]" classname="ex.PublicTests$FlightParserTest" time="0.0"/>
  <testcase name="testParser(String)[153]" classname="ex.PublicTests$FlightParserTest" time="0.001"/>
  <testcase name="testParser(String)[154]" classname="ex.PublicTests$FlightParserTest" time="0.001"/>
  <testcase name="testParser(String)[155]" classname="ex.PublicTests$FlightParserTest" time="0.001"/>
  <testcase name="testParser(String)[156]" classname="ex.PublicTests$FlightParserTest" time="0.001"/>
  <testcase name="testParser(String)[157]" classname="ex.PublicTests$FlightParserTest" time="0.0"/>
  <testcase name="testParser(String)[158]" classname="ex.PublicTests$FlightParserTest" time="0.0"/>
  <testcase name="testParser(String)[159]" classname="ex.PublicTests$FlightParserTest" time="0.0"/>
  <testcase name="testParser(String)[160]" classname="ex.PublicTests$FlightParserTest" time="0.001"/>
  <testcase name="testParser(String)[161]" classname="ex.PublicTests$FlightParserTest" time="0.001"/>
  <testcase name="testParser(String)[162]" classname="ex.PublicTests$FlightParserTest" time="0.0"/>
  <testcase name="testParser(String)[163]" classname="ex.PublicTests$FlightParserTest" time="0.001"/>
  <testcase name="testParser(String)[164]" classname="ex.PublicTests$FlightParserTest" time="0.001"/>
  <testcase name="testParser(String)[165]" classname="ex.PublicTests$FlightParserTest" time="0.001"/>
  <testcase name="testParser(String)[166]" classname="ex.PublicTests$FlightParserTest" time="0.001"/>
  <testcase name="testParser(String)[167]" classname="ex.PublicTests$FlightParserTest" time="0.0"/>
  <testcase name="testParser(String)[168]" classname="ex.PublicTests$FlightParserTest" time="0.001"/>
  <testcase name="testParser(String)[169]" classname="ex.PublicTests$FlightParserTest" time="0.0"/>
  <testcase name="testParser(String)[170]" classname="ex.PublicTests$FlightParserTest" time="0.001"/>
  <testcase name="testParser(String)[171]" classname="ex.PublicTests$FlightParserTest" time="0.001"/>
  <testcase name="testParser(String)[172]" classname="ex.PublicTests$FlightParserTest" time="0.002"/>
  <testcase name="testParser(String)[173]" classname="ex.PublicTests$FlightParserTest" time="0.001"/>
  <testcase name="testParser(String)[174]" classname="ex.PublicTests$FlightParserTest" time="0.001"/>
  <testcase name="testParser(String)[175]" classname="ex.PublicTests$FlightParserTest" time="0.0"/>
  <testcase name="testParser(String)[176]" classname="ex.PublicTests$FlightParserTest" time="0.002"/>
  <testcase name="testParser(String)[177]" classname="ex.PublicTests$FlightParserTest" time="0.001"/>
  <testcase name="testParser(String)[178]" classname="ex.PublicTests$FlightParserTest" time="0.001"/>
  <testcase name="testParser(String)[179]" classname="ex.PublicTests$FlightParserTest" time="0.002"/>
  <testcase name="testParser(String)[180]" classname="ex.PublicTests$FlightParserTest" time="0.0"/>
  <testcase name="testParser(String)[181]" classname="ex.PublicTests$FlightParserTest" time="0.001"/>
  <testcase name="testParser(String)[182]" classname="ex.PublicTests$FlightParserTest" time="0.001"/>
  <testcase name="testParser(String)[183]" classname="ex.PublicTests$FlightParserTest" time="0.006"/>
  <testcase name="testParser(String)[184]" classname="ex.PublicTests$FlightParserTest" time="0.003"/>
  <testcase name="testParser(String)[185]" classname="ex.PublicTests$FlightParserTest" time="0.0"/>
  <testcase name="testParser(String)[186]" classname="ex.PublicTests$FlightParserTest" time="0.001"/>
  <testcase name="testParser(String)[187]" classname="ex.PublicTests$FlightParserTest" time="0.0"/>
  <testcase name="testParser(String)[188]" classname="ex.PublicTests$FlightParserTest" time="0.0"/>
  <testcase name="testParser(String)[189]" classname="ex.PublicTests$FlightParserTest" time="0.001"/>
  <testcase name="testParser(String)[190]" classname="ex.PublicTests$FlightParserTest" time="0.002"/>
  <testcase name="testParser(String)[191]" classname="ex.PublicTests$FlightParserTest" time="0.0"/>
  <testcase name="testParser(String)[192]" classname="ex.PublicTests$FlightParserTest" time="0.001"/>
  <testcase name="testParser(String)[193]" classname="ex.PublicTests$FlightParserTest" time="0.0"/>
  <testcase name="testParser(String)[194]" classname="ex.PublicTests$FlightParserTest" time="0.001"/>
  <testcase name="testParser(String)[195]" classname="ex.PublicTests$FlightParserTest" time="0.001"/>
  <testcase name="testParser(String)[196]" classname="ex.PublicTests$FlightParserTest" time="0.0"/>
  <testcase name="testParser(String)[197]" classname="ex.PublicTests$FlightParserTest" time="0.0"/>
  <testcase name="testParser(String)[198]" classname="ex.PublicTests$FlightParserTest" time="0.001"/>
  <testcase name="testParser(String)[199]" classname="ex.PublicTests$FlightParserTest" time="0.004"/>
  <testcase name="testParser(String)[200]" classname="ex.PublicTests$FlightParserTest" time="0.001"/>
  <testcase name="testParser(String)[201]" classname="ex.PublicTests$FlightParserTest" time="0.0"/>
  <testcase name="testParser(String)[202]" classname="ex.PublicTests$FlightParserTest" time="0.001"/>
  <testcase name="testParser(String)[203]" classname="ex.PublicTests$FlightParserTest" time="0.001"/>
  <testcase name="testParser(String)[204]" classname="ex.PublicTests$FlightParserTest" time="0.002"/>
  <testcase name="testParser(String)[205]" classname="ex.PublicTests$FlightParserTest" time="0.001"/>
  <testcase name="testParser(String)[206]" classname="ex.PublicTests$FlightParserTest" time="0.001"/>
  <testcase name="testParser(String)[207]" classname="ex.PublicTests$FlightParserTest" time="0.0"/>
  <testcase name="testParser(String)[208]" classname="ex.PublicTests$FlightParserTest" time="0.002"/>
  <testcase name="testParser(String)[209]" classname="ex.PublicTests$FlightParserTest" time="0.0"/>
  <testcase name="testParser(String)[210]" classname="ex.PublicTests$FlightParserTest" time="0.001"/>
  <testcase name="testParser(String)[211]" classname="ex.PublicTests$FlightParserTest" time="0.0"/>
  <testcase name="testParser(String)[212]" classname="ex.PublicTests$FlightParserTest" time="0.0"/>
  <testcase name="testParser(String)[213]" classname="ex.PublicTests$FlightParserTest" time="0.001"/>
  <testcase name="testParser(String)[214]" classname="ex.PublicTests$FlightParserTest" time="0.001"/>
  <testcase name="testParser(String)[215]" classname="ex.PublicTests$FlightParserTest" time="0.001"/>
  <testcase name="testParser(String)[216]" classname="ex.PublicTests$FlightParserTest" time="0.0"/>
  <testcase name="testParser(String)[217]" classname="ex.PublicTests$FlightParserTest" time="0.0"/>
  <testcase name="testParser(String)[218]" classname="ex.PublicTests$FlightParserTest" time="0.0"/>
  <testcase name="testParser(String)[219]" classname="ex.PublicTests$FlightParserTest" time="0.0"/>
  <testcase name="testParser(String)[220]" classname="ex.PublicTests$FlightParserTest" time="0.0"/>
  <testcase name="testParser(String)[221]" classname="ex.PublicTests$FlightParserTest" time="0.001"/>
  <testcase name="testParser(String)[222]" classname="ex.PublicTests$FlightParserTest" time="0.001"/>
  <testcase name="testParser(String)[223]" classname="ex.PublicTests$FlightParserTest" time="0.001"/>
  <testcase name="testParser(String)[224]" classname="ex.PublicTests$FlightParserTest" time="0.0"/>
  <testcase name="testParser(String)[225]" classname="ex.PublicTests$FlightParserTest" time="0.001"/>
  <testcase name="testParser(String)[226]" classname="ex.PublicTests$FlightParserTest" time="0.001"/>
  <testcase name="testParser(String)[227]" classname="ex.PublicTests$FlightParserTest" time="0.001"/>
  <testcase name="testParser(String)[228]" classname="ex.PublicTests$FlightParserTest" time="0.0"/>
  <testcase name="testParser(String)[229]" classname="ex.PublicTests$FlightParserTest" time="0.001"/>
  <testcase name="testParser(String)[230]" classname="ex.PublicTests$FlightParserTest" time="0.001"/>
  <testcase name="testParser(String)[231]" classname="ex.PublicTests$FlightParserTest" time="0.001"/>
  <testcase name="testParser(String)[232]" classname="ex.PublicTests$FlightParserTest" time="0.007"/>
  <testcase name="testParser(String)[233]" classname="ex.PublicTests$FlightParserTest" time="0.0"/>
  <testcase name="testParser(String)[234]" classname="ex.PublicTests$FlightParserTest" time="0.0"/>
  <testcase name="testParser(String)[235]" classname="ex.PublicTests$FlightParserTest" time="0.001"/>
  <testcase name="testParser(String)[236]" classname="ex.PublicTests$FlightParserTest" time="0.002"/>
  <testcase name="testParser(String)[237]" classname="ex.PublicTests$FlightParserTest" time="0.005"/>
  <testcase name="testParser(String)[238]" classname="ex.PublicTests$FlightParserTest" time="0.001"/>
  <testcase name="testParser(String)[239]" classname="ex.PublicTests$FlightParserTest" time="0.001"/>
  <testcase name="testParser(String)[240]" classname="ex.PublicTests$FlightParserTest" time="0.001"/>
  <testcase name="testParser(String)[241]" classname="ex.PublicTests$FlightParserTest" time="0.001"/>
  <testcase name="testParser(String)[242]" classname="ex.PublicTests$FlightParserTest" time="0.001"/>
  <testcase name="testParser(String)[243]" classname="ex.PublicTests$FlightParserTest" time="0.002"/>
  <testcase name="testParser(String)[244]" classname="ex.PublicTests$FlightParserTest" time="0.003"/>
  <testcase name="testParser(String)[245]" classname="ex.PublicTests$FlightParserTest" time="0.002"/>
  <testcase name="testParser(String)[246]" classname="ex.PublicTests$FlightParserTest" time="0.001"/>
  <testcase name="testParser(String)[247]" classname="ex.PublicTests$FlightParserTest" time="0.001"/>
  <testcase name="testParser(String)[248]" classname="ex.PublicTests$FlightParserTest" time="0.0"/>
  <testcase name="testParser(String)[249]" classname="ex.PublicTests$FlightParserTest" time="0.001"/>
  <testcase name="testParser(String)[250]" classname="ex.PublicTests$FlightParserTest" time="0.0"/>
  <testcase name="testParser(String)[251]" classname="ex.PublicTests$FlightParserTest" time="0.002"/>
  <testcase name="testParser(String)[252]" classname="ex.PublicTests$FlightParserTest" time="0.0"/>
  <testcase name="testParser(String)[253]" classname="ex.PublicTests$FlightParserTest" time="0.001"/>
  <testcase name="testParser(String)[254]" classname="ex.PublicTests$FlightParserTest" time="0.001"/>
  <testcase name="testParser(String)[255]" classname="ex.PublicTests$FlightParserTest" time="0.001"/>
  <testcase name="testParser(String)[256]" classname="ex.PublicTests$FlightParserTest" time="0.001"/>
  <testcase name="testParser(String)[257]" classname="ex.PublicTests$FlightParserTest" time="0.0"/>
  <testcase name="testParser(String)[258]" classname="ex.PublicTests$FlightParserTest" time="0.001"/>
  <testcase name="testParser(String)[259]" classname="ex.PublicTests$FlightParserTest" time="0.001"/>
  <testcase name="testParser(String)[260]" classname="ex.PublicTests$FlightParserTest" time="0.001"/>
  <testcase name="testParser(String)[261]" classname="ex.PublicTests$FlightParserTest" time="0.007"/>
  <testcase name="testParser(String)[262]" classname="ex.PublicTests$FlightParserTest" time="0.001"/>
  <testcase name="testParser(String)[263]" classname="ex.PublicTests$FlightParserTest" time="0.0"/>
  <testcase name="testParser(String)[264]" classname="ex.PublicTests$FlightParserTest" time="0.0"/>
  <testcase name="testParser(String)[265]" classname="ex.PublicTests$FlightParserTest" time="0.0"/>
  <testcase name="testParser(String)[266]" classname="ex.PublicTests$FlightParserTest" time="0.0"/>
  <testcase name="testParser(String)[267]" classname="ex.PublicTests$FlightParserTest" time="0.001"/>
  <testcase name="testParser(String)[268]" classname="ex.PublicTests$FlightParserTest" time="0.001"/>
  <testcase name="testParser(String)[269]" classname="ex.PublicTests$FlightParserTest" time="0.0"/>
  <testcase name="testParser(String)[270]" classname="ex.PublicTests$FlightParserTest" time="0.0"/>
  <testcase name="testParser(String)[271]" classname="ex.PublicTests$FlightParserTest" time="0.001"/>
  <testcase name="testParser(String)[272]" classname="ex.PublicTests$FlightParserTest" time="0.001"/>
  <testcase name="testParser(String)[273]" classname="ex.PublicTests$FlightParserTest" time="0.001"/>
  <testcase name="testParser(String)[274]" classname="ex.PublicTests$FlightParserTest" time="0.001"/>
  <testcase name="testParser(String)[275]" classname="ex.PublicTests$FlightParserTest" time="0.001"/>
  <testcase name="testParser(String)[276]" classname="ex.PublicTests$FlightParserTest" time="0.001"/>
  <testcase name="testParser(String)[277]" classname="ex.PublicTests$FlightParserTest" time="0.001"/>
  <testcase name="testParser(String)[278]" classname="ex.PublicTests$FlightParserTest" time="0.001"/>
  <testcase name="testParser(String)[279]" classname="ex.PublicTests$FlightParserTest" time="0.0"/>
  <testcase name="testParser(String)[280]" classname="ex.PublicTests$FlightParserTest" time="0.001"/>
  <testcase name="testParser(String)[281]" classname="ex.PublicTests$FlightParserTest" time="0.0"/>
  <testcase name="testParser(String)[282]" classname="ex.PublicTests$FlightParserTest" time="0.0"/>
  <testcase name="testParser(String)[283]" classname="ex.PublicTests$FlightParserTest" time="0.001"/>
  <testcase name="testParser(String)[284]" classname="ex.PublicTests$FlightParserTest" time="0.001"/>
  <testcase name="testParser(String)[285]" classname="ex.PublicTests$FlightParserTest" time="0.0"/>
  <testcase name="testParser(String)[286]" classname="ex.PublicTests$FlightParserTest" time="0.0"/>
  <testcase name="testParser(String)[287]" classname="ex.PublicTests$FlightParserTest" time="0.0"/>
  <testcase name="testParser(String)[288]" classname="ex.PublicTests$FlightParserTest" time="0.001"/>
  <testcase name="testParser(String)[289]" classname="ex.PublicTests$FlightParserTest" time="0.0"/>
  <testcase name="testParser(String)[290]" classname="ex.PublicTests$FlightParserTest" time="0.001"/>
  <testcase name="testParser(String)[291]" classname="ex.PublicTests$FlightParserTest" time="0.001"/>
  <testcase name="testParser(String)[292]" classname="ex.PublicTests$FlightParserTest" time="0.001"/>
  <testcase name="testParser(String)[293]" classname="ex.PublicTests$FlightParserTest" time="0.0"/>
  <testcase name="testParser(String)[294]" classname="ex.PublicTests$FlightParserTest" time="0.0"/>
  <testcase name="testParser(String)[295]" classname="ex.PublicTests$FlightParserTest" time="0.0"/>
  <testcase name="testParser(String)[296]" classname="ex.PublicTests$FlightParserTest" time="0.0"/>
  <testcase name="testParser(String)[297]" classname="ex.PublicTests$FlightParserTest" time="0.0"/>
  <testcase name="testParser(String)[298]" classname="ex.PublicTests$FlightParserTest" time="0.001"/>
  <testcase name="testParser(String)[299]" classname="ex.PublicTests$FlightParserTest" time="0.0"/>
  <testcase name="testParser(String)[300]" classname="ex.PublicTests$FlightParserTest" time="0.001"/>
  <testcase name="testParser(String)[301]" classname="ex.PublicTests$FlightParserTest" time="0.001"/>
  <testcase name="testParser(String)[302]" classname="ex.PublicTests$FlightParserTest" time="0.001"/>
  <testcase name="testParser(String)[303]" classname="ex.PublicTests$FlightParserTest" time="0.001"/>
  <testcase name="testParser(String)[304]" classname="ex.PublicTests$FlightParserTest" time="0.001"/>
  <testcase name="testParser(String)[305]" classname="ex.PublicTests$FlightParserTest" time="0.001"/>
  <testcase name="testParser(String)[306]" classname="ex.PublicTests$FlightParserTest" time="0.001"/>
  <testcase name="testParser(String)[307]" classname="ex.PublicTests$FlightParserTest" time="0.001"/>
  <testcase name="testParser(String)[308]" classname="ex.PublicTests$FlightParserTest" time="0.001"/>
  <testcase name="testParser(String)[309]" classname="ex.PublicTests$FlightParserTest" time="0.001"/>
  <testcase name="testParser(String)[310]" classname="ex.PublicTests$FlightParserTest" time="0.001"/>
  <testcase name="testParser(String)[311]" classname="ex.PublicTests$FlightParserTest" time="0.001"/>
  <testcase name="testParser(String)[312]" classname="ex.PublicTests$FlightParserTest" time="0.001"/>
  <testcase name="testParser(String)[313]" classname="ex.PublicTests$FlightParserTest" time="0.001"/>
  <testcase name="testParser(String)[314]" classname="ex.PublicTests$FlightParserTest" time="0.0"/>
  <testcase name="testParser(String)[315]" classname="ex.PublicTests$FlightParserTest" time="0.0"/>
  <testcase name="testParser(String)[316]" classname="ex.PublicTests$FlightParserTest" time="0.0"/>
  <testcase name="testParser(String)[317]" classname="ex.PublicTests$FlightParserTest" time="0.0"/>
  <testcase name="testParser(String)[318]" classname="ex.PublicTests$FlightParserTest" time="0.0"/>
  <testcase name="testParser(String)[319]" classname="ex.PublicTests$FlightParserTest" time="0.0"/>
  <testcase name="testParser(String)[320]" classname="ex.PublicTests$FlightParserTest" time="0.0"/>
  <testcase name="testParser(String)[321]" classname="ex.PublicTests$FlightParserTest" time="0.0"/>
  <testcase name="testParser(String)[322]" classname="ex.PublicTests$FlightParserTest" time="0.0"/>
  <testcase name="testParser(String)[323]" classname="ex.PublicTests$FlightParserTest" time="0.0"/>
  <testcase name="testParser(String)[324]" classname="ex.PublicTests$FlightParserTest" time="0.0"/>
  <testcase name="testParser(String)[325]" classname="ex.PublicTests$FlightParserTest" time="0.0"/>
  <testcase name="testParser(String)[326]" classname="ex.PublicTests$FlightParserTest" time="0.001"/>
  <testcase name="testParser(String)[327]" classname="ex.PublicTests$FlightParserTest" time="0.001"/>
  <testcase name="testParser(String)[328]" classname="ex.PublicTests$FlightParserTest" time="0.001"/>
  <testcase name="testParser(String)[329]" classname="ex.PublicTests$FlightParserTest" time="0.001"/>
  <testcase name="testParser(String)[330]" classname="ex.PublicTests$FlightParserTest" time="0.001"/>
  <testcase name="testParser(String)[331]" classname="ex.PublicTests$FlightParserTest" time="0.001"/>
  <testcase name="testParser(String)[332]" classname="ex.PublicTests$FlightParserTest" time="0.001"/>
  <testcase name="testParser(String)[333]" classname="ex.PublicTests$FlightParserTest" time="0.001"/>
  <testcase name="testParser(String)[334]" classname="ex.PublicTests$FlightParserTest" time="0.001"/>
  <testcase name="testParser(String)[335]" classname="ex.PublicTests$FlightParserTest" time="0.001"/>
  <testcase name="testParser(String)[336]" classname="ex.PublicTests$FlightParserTest" time="0.001"/>
  <testcase name="testParser(String)[337]" classname="ex.PublicTests$FlightParserTest" time="0.001"/>
  <testcase name="testParser(String)[338]" classname="ex.PublicTests$FlightParserTest" time="0.001"/>
  <testcase name="testParser(String)[339]" classname="ex.PublicTests$FlightParserTest" time="0.001"/>
  <testcase name="testParser(String)[340]" classname="ex.PublicTests$FlightParserTest" time="0.001"/>
  <testcase name="testParser(String)[341]" classname="ex.PublicTests$FlightParserTest" time="0.001"/>
  <testcase name="testParser(String)[342]" classname="ex.PublicTests$FlightParserTest" time="0.001"/>
  <testcase name="testParser(String)[343]" classname="ex.PublicTests$FlightParserTest" time="0.001"/>
  <testcase name="testParser(String)[344]" classname="ex.PublicTests$FlightParserTest" time="0.001"/>
  <testcase name="testParser(String)[345]" classname="ex.PublicTests$FlightParserTest" time="0.0"/>
  <testcase name="testParser(String)[346]" classname="ex.PublicTests$FlightParserTest" time="0.0"/>
  <testcase name="testParser(String)[347]" classname="ex.PublicTests$FlightParserTest" time="0.0"/>
  <testcase name="testParser(String)[348]" classname="ex.PublicTests$FlightParserTest" time="0.0"/>
  <testcase name="testParser(String)[349]" classname="ex.PublicTests$FlightParserTest" time="0.001"/>
  <testcase name="testParser(String)[350]" classname="ex.PublicTests$FlightParserTest" time="0.001"/>
  <testcase name="testParser(String)[351]" classname="ex.PublicTests$FlightParserTest" time="0.0"/>
  <testcase name="testParser(String)[352]" classname="ex.PublicTests$FlightParserTest" time="0.0"/>
  <testcase name="testParser(String)[353]" classname="ex.PublicTests$FlightParserTest" time="0.0"/>
  <testcase name="testParser(String)[354]" classname="ex.PublicTests$FlightParserTest" time="0.0"/>
  <testcase name="testParser(String)[355]" classname="ex.PublicTests$FlightParserTest" time="0.0"/>
  <testcase name="testParser(String)[356]" classname="ex.PublicTests$FlightParserTest" time="0.0"/>
  <testcase name="testParser(String)[357]" classname="ex.PublicTests$FlightParserTest" time="0.0"/>
  <testcase name="testParser(String)[358]" classname="ex.PublicTests$FlightParserTest" time="0.0"/>
  <testcase name="testParser(String)[359]" classname="ex.PublicTests$FlightParserTest" time="0.001"/>
  <testcase name="testParser(String)[360]" classname="ex.PublicTests$FlightParserTest" time="0.0"/>
  <testcase name="testParser(String)[361]" classname="ex.PublicTests$FlightParserTest" time="0.0"/>
  <testcase name="testParser(String)[362]" classname="ex.PublicTests$FlightParserTest" time="0.0"/>
  <testcase name="testParser(String)[363]" classname="ex.PublicTests$FlightParserTest" time="0.0"/>
  <testcase name="testParser(String)[364]" classname="ex.PublicTests$FlightParserTest" time="0.0"/>
  <testcase name="testParser(String)[365]" classname="ex.PublicTests$FlightParserTest" time="0.0"/>
  <testcase name="testParser(String)[366]" classname="ex.PublicTests$FlightParserTest" time="0.001"/>
  <testcase name="testParser(String)[367]" classname="ex.PublicTests$FlightParserTest" time="0.001"/>
  <testcase name="testParser(String)[368]" classname="ex.PublicTests$FlightParserTest" time="0.0"/>
  <testcase name="testParser(String)[369]" classname="ex.PublicTests$FlightParserTest" time="0.001"/>
  <testcase name="testParser(String)[370]" classname="ex.PublicTests$FlightParserTest" time="0.001"/>
  <testcase name="testParser(String)[371]" classname="ex.PublicTests$FlightParserTest" time="0.001"/>
  <testcase name="testParser(String)[372]" classname="ex.PublicTests$FlightParserTest" time="0.004"/>
  <testcase name="testParser(String)[373]" classname="ex.PublicTests$FlightParserTest" time="0.002"/>
  <testcase name="testParser(String)[374]" classname="ex.PublicTests$FlightParserTest" time="0.0"/>
  <testcase name="testParser(String)[375]" classname="ex.PublicTests$FlightParserTest" time="0.0"/>
  <testcase name="testParser(String)[376]" classname="ex.PublicTests$FlightParserTest" time="0.003"/>
  <testcase name="testParser(String)[377]" classname="ex.PublicTests$FlightParserTest" time="0.0"/>
  <testcase name="testParser(String)[378]" classname="ex.PublicTests$FlightParserTest" time="0.007"/>
  <testcase name="testParser(String)[379]" classname="ex.PublicTests$FlightParserTest" time="0.003"/>
  <testcase name="testParser(String)[380]" classname="ex.PublicTests$FlightParserTest" time="0.001"/>
  <testcase name="testParser(String)[381]" classname="ex.PublicTests$FlightParserTest" time="0.0"/>
  <testcase name="testParser(String)[382]" classname="ex.PublicTests$FlightParserTest" time="0.001"/>
  <testcase name="testParser(String)[383]" classname="ex.PublicTests$FlightParserTest" time="0.001"/>
  <testcase name="testParser(String)[384]" classname="ex.PublicTests$FlightParserTest" time="0.001"/>
  <testcase name="testParser(String)[385]" classname="ex.PublicTests$FlightParserTest" time="0.002"/>
  <testcase name="testParser(String)[386]" classname="ex.PublicTests$FlightParserTest" time="0.001"/>
  <testcase name="testParser(String)[387]" classname="ex.PublicTests$FlightParserTest" time="0.0"/>
  <testcase name="testParser(String)[388]" classname="ex.PublicTests$FlightParserTest" time="0.0"/>
  <testcase name="testParser(String)[389]" classname="ex.PublicTests$FlightParserTest" time="0.001"/>
  <testcase name="testParser(String)[390]" classname="ex.PublicTests$FlightParserTest" time="0.001"/>
  <testcase name="testParser(String)[391]" classname="ex.PublicTests$FlightParserTest" time="0.001"/>
  <testcase name="testParser(String)[392]" classname="ex.PublicTests$FlightParserTest" time="0.001"/>
  <testcase name="testParser(String)[393]" classname="ex.PublicTests$FlightParserTest" time="0.001"/>
  <testcase name="testParser(String)[394]" classname="ex.PublicTests$FlightParserTest" time="0.001"/>
  <testcase name="testParser(String)[395]" classname="ex.PublicTests$FlightParserTest" time="0.001"/>
  <testcase name="testParser(String)[396]" classname="ex.PublicTests$FlightParserTest" time="0.001"/>
  <testcase name="testParser(String)[397]" classname="ex.PublicTests$FlightParserTest" time="0.0"/>
  <testcase name="testParser(String)[398]" classname="ex.PublicTests$FlightParserTest" time="0.001"/>
  <testcase name="testParser(String)[399]" classname="ex.PublicTests$FlightParserTest" time="0.001"/>
  <testcase name="testParser(String)[400]" classname="ex.PublicTests$FlightParserTest" time="0.0"/>
  <testcase name="testParser(String)[401]" classname="ex.PublicTests$FlightParserTest" time="0.0"/>
  <testcase name="testParser(String)[402]" classname="ex.PublicTests$FlightParserTest" time="0.0"/>
  <testcase name="testParser(String)[403]" classname="ex.PublicTests$FlightParserTest" time="0.0"/>
  <testcase name="testParser(String)[404]" classname="ex.PublicTests$FlightParserTest" time="0.0"/>
  <testcase name="testParser(String)[405]" classname="ex.PublicTests$FlightParserTest" time="0.0"/>
  <testcase name="testParser(String)[406]" classname="ex.PublicTests$FlightParserTest" time="0.001"/>
  <testcase name="testParser(String)[407]" classname="ex.PublicTests$FlightParserTest" time="0.001"/>
  <testcase name="testParser(String)[408]" classname="ex.PublicTests$FlightParserTest" time="0.0"/>
  <testcase name="testParser(String)[409]" classname="ex.PublicTests$FlightParserTest" time="0.001"/>
  <testcase name="testParser(String)[410]" classname="ex.PublicTests$FlightParserTest" time="0.0"/>
  <testcase name="testParser(String)[411]" classname="ex.PublicTests$FlightParserTest" time="0.0"/>
  <testcase name="testParser(String)[412]" classname="ex.PublicTests$FlightParserTest" time="0.001"/>
  <testcase name="testParser(String)[413]" classname="ex.PublicTests$FlightParserTest" time="0.001"/>
  <testcase name="testParser(String)[414]" classname="ex.PublicTests$FlightParserTest" time="0.0"/>
  <testcase name="testParser(String)[415]" classname="ex.PublicTests$FlightParserTest" time="0.0"/>
  <testcase name="testParser(String)[416]" classname="ex.PublicTests$FlightParserTest" time="0.0"/>
  <testcase name="testParser(String)[417]" classname="ex.PublicTests$FlightParserTest" time="0.001"/>
  <testcase name="testParser(String)[418]" classname="ex.PublicTests$FlightParserTest" time="0.0"/>
  <testcase name="testParser(String)[419]" classname="ex.PublicTests$FlightParserTest" time="0.001"/>
  <testcase name="testParser(String)[420]" classname="ex.PublicTests$FlightParserTest" time="0.001"/>
  <testcase name="testParser(String)[421]" classname="ex.PublicTests$FlightParserTest" time="0.001"/>
  <testcase name="testParser(String)[422]" classname="ex.PublicTests$FlightParserTest" time="0.001"/>
  <testcase name="testParser(String)[423]" classname="ex.PublicTests$FlightParserTest" time="0.001"/>
  <testcase name="testParser(String)[424]" classname="ex.PublicTests$FlightParserTest" time="0.001"/>
  <testcase name="testParser(String)[425]" classname="ex.PublicTests$FlightParserTest" time="0.001"/>
  <testcase name="testParser(String)[426]" classname="ex.PublicTests$FlightParserTest" time="0.003"/>
  <testcase name="testParser(String)[427]" classname="ex.PublicTests$FlightParserTest" time="0.0"/>
  <testcase name="testParser(String)[428]" classname="ex.PublicTests$FlightParserTest" time="0.0"/>
  <testcase name="testParser(String)[429]" classname="ex.PublicTests$FlightParserTest" time="0.001"/>
  <testcase name="testParser(String)[430]" classname="ex.PublicTests$FlightParserTest" time="0.0"/>
  <testcase name="testParser(String)[431]" classname="ex.PublicTests$FlightParserTest" time="0.0"/>
  <testcase name="testParser(String)[432]" classname="ex.PublicTests$FlightParserTest" time="0.0"/>
  <testcase name="testParser(String)[433]" classname="ex.PublicTests$FlightParserTest" time="0.0"/>
  <testcase name="testParser(String)[434]" classname="ex.PublicTests$FlightParserTest" time="0.0"/>
  <testcase name="testParser(String)[435]" classname="ex.PublicTests$FlightParserTest" time="0.0"/>
  <testcase name="testParser(String)[436]" classname="ex.PublicTests$FlightParserTest" time="0.0"/>
  <testcase name="testParser(String)[437]" classname="ex.PublicTests$FlightParserTest" time="0.0"/>
  <testcase name="testParser(String)[438]" classname="ex.PublicTests$FlightParserTest" time="0.0"/>
  <testcase name="testParser(String)[439]" classname="ex.PublicTests$FlightParserTest" time="0.001"/>
  <testcase name="testParser(String)[440]" classname="ex.PublicTests$FlightParserTest" time="0.001"/>
  <testcase name="testParser(String)[441]" classname="ex.PublicTests$FlightParserTest" time="0.001"/>
  <testcase name="testParser(String)[442]" classname="ex.PublicTests$FlightParserTest" time="0.0"/>
  <testcase name="testParser(String)[443]" classname="ex.PublicTests$FlightParserTest" time="0.0"/>
  <testcase name="testParser(String)[444]" classname="ex.PublicTests$FlightParserTest" time="0.001"/>
  <testcase name="testParser(String)[445]" classname="ex.PublicTests$FlightParserTest" time="0.0"/>
  <testcase name="testParser(String)[446]" classname="ex.PublicTests$FlightParserTest" time="0.0"/>
  <testcase name="testParser(String)[447]" classname="ex.PublicTests$FlightParserTest" time="0.001"/>
  <testcase name="testParser(String)[448]" classname="ex.PublicTests$FlightParserTest" time="0.0"/>
  <testcase name="testParser(String)[449]" classname="ex.PublicTests$FlightParserTest" time="0.0"/>
  <testcase name="testParser(String)[450]" classname="ex.PublicTests$FlightParserTest" time="0.0"/>
  <testcase name="testParser(String)[451]" classname="ex.PublicTests$FlightParserTest" time="0.0"/>
  <testcase name="testParser(String)[452]" classname="ex.PublicTests$FlightParserTest" time="0.0"/>
  <testcase name="testParser(String)[453]" classname="ex.PublicTests$FlightParserTest" time="0.0"/>
  <testcase name="testParser(String)[454]" classname="ex.PublicTests$FlightParserTest" time="0.0"/>
  <testcase name="testParser(String)[455]" classname="ex.PublicTests$FlightParserTest" time="0.001"/>
  <testcase name="testParser(String)[456]" classname="ex.PublicTests$FlightParserTest" time="0.001"/>
  <testcase name="testParser(String)[457]" classname="ex.PublicTests$FlightParserTest" time="0.0"/>
  <testcase name="testParser(String)[458]" classname="ex.PublicTests$FlightParserTest" time="0.0"/>
  <testcase name="testParser(String)[459]" classname="ex.PublicTests$FlightParserTest" time="0.0"/>
  <testcase name="testParser(String)[460]" classname="ex.PublicTests$FlightParserTest" time="0.0"/>
  <testcase name="testParser(String)[461]" classname="ex.PublicTests$FlightParserTest" time="0.002"/>
  <testcase name="testParser(String)[462]" classname="ex.PublicTests$FlightParserTest" time="0.001"/>
  <testcase name="testParser(String)[463]" classname="ex.PublicTests$FlightParserTest" time="0.002"/>
  <testcase name="testParser(String)[464]" classname="ex.PublicTests$FlightParserTest" time="0.001"/>
  <testcase name="testParser(String)[465]" classname="ex.PublicTests$FlightParserTest" time="0.001"/>
  <testcase name="testParser(String)[466]" classname="ex.PublicTests$FlightParserTest" time="0.001"/>
  <testcase name="testParser(String)[467]" classname="ex.PublicTests$FlightParserTest" time="0.001"/>
  <testcase name="testParser(String)[468]" classname="ex.PublicTests$FlightParserTest" time="0.001"/>
  <testcase name="testParser(String)[469]" classname="ex.PublicTests$FlightParserTest" time="0.001"/>
  <testcase name="testParser(String)[470]" classname="ex.PublicTests$FlightParserTest" time="0.001"/>
  <testcase name="testParser(String)[471]" classname="ex.PublicTests$FlightParserTest" time="0.0"/>
  <testcase name="testParser(String)[472]" classname="ex.PublicTests$FlightParserTest" time="0.0"/>
  <testcase name="testParser(String)[473]" classname="ex.PublicTests$FlightParserTest" time="0.0"/>
  <testcase name="testParser(String)[474]" classname="ex.PublicTests$FlightParserTest" time="0.0"/>
  <testcase name="testParser(String)[475]" classname="ex.PublicTests$FlightParserTest" time="0.0"/>
  <testcase name="testParser(String)[476]" classname="ex.PublicTests$FlightParserTest" time="0.001"/>
  <testcase name="testParser(String)[477]" classname="ex.PublicTests$FlightParserTest" time="0.001"/>
  <testcase name="testParser(String)[478]" classname="ex.PublicTests$FlightParserTest" time="0.0"/>
  <testcase name="testParser(String)[479]" classname="ex.PublicTests$FlightParserTest" time="0.0"/>
  <testcase name="testParser(String)[480]" classname="ex.PublicTests$FlightParserTest" time="0.0"/>
  <testcase name="testParser(String)[481]" classname="ex.PublicTests$FlightParserTest" time="0.0"/>
  <testcase name="testParser(String)[482]" classname="ex.PublicTests$FlightParserTest" time="0.0"/>
  <testcase name="testParser(String)[483]" classname="ex.PublicTests$FlightParserTest" time="0.001"/>
  <testcase name="testParser(String)[484]" classname="ex.PublicTests$FlightParserTest" time="0.001"/>
  <testcase name="testParser(String)[485]" classname="ex.PublicTests$FlightParserTest" time="0.001"/>
  <testcase name="testParser(String)[486]" classname="ex.PublicTests$FlightParserTest" time="0.001"/>
  <testcase name="testParser(String)[487]" classname="ex.PublicTests$FlightParserTest" time="0.001"/>
  <testcase name="testParser(String)[488]" classname="ex.PublicTests$FlightParserTest" time="0.0"/>
  <testcase name="testParser(String)[489]" classname="ex.PublicTests$FlightParserTest" time="0.007"/>
  <testcase name="testParser(String)[490]" classname="ex.PublicTests$FlightParserTest" time="0.0"/>
  <testcase name="testParser(String)[491]" classname="ex.PublicTests$FlightParserTest" time="0.0"/>
  <testcase name="testParser(String)[492]" classname="ex.PublicTests$FlightParserTest" time="0.001"/>
  <testcase name="testParser(String)[493]" classname="ex.PublicTests$FlightParserTest" time="0.0"/>
  <testcase name="testParser(String)[494]" classname="ex.PublicTests$FlightParserTest" time="0.0"/>
  <testcase name="testParser(String)[495]" classname="ex.PublicTests$FlightParserTest" time="0.001"/>
  <testcase name="testParser(String)[496]" classname="ex.PublicTests$FlightParserTest" time="0.0"/>
  <testcase name="testParser(String)[497]" classname="ex.PublicTests$FlightParserTest" time="0.0"/>
  <testcase name="testParser(String)[498]" classname="ex.PublicTests$FlightParserTest" time="0.0"/>
  <testcase name="testParser(String)[499]" classname="ex.PublicTests$FlightParserTest" time="0.003"/>
  <testcase name="testParser(String)[500]" classname="ex.PublicTests$FlightParserTest" time="0.001"/>
  <testcase name="testParser(String)[501]" classname="ex.PublicTests$FlightParserTest" time="0.001"/>
  <testcase name="testParser(String)[502]" classname="ex.PublicTests$FlightParserTest" time="0.0"/>
  <testcase name="testParser(String)[503]" classname="ex.PublicTests$FlightParserTest" time="0.0"/>
  <testcase name="testParser(String)[504]" classname="ex.PublicTests$FlightParserTest" time="0.0"/>
  <testcase name="testParser(String)[505]" classname="ex.PublicTests$FlightParserTest" time="0.001"/>
  <testcase name="testParser(String)[506]" classname="ex.PublicTests$FlightParserTest" time="0.0"/>
  <testcase name="testParser(String)[507]" classname="ex.PublicTests$FlightParserTest" time="0.004"/>
  <testcase name="testParser(String)[508]" classname="ex.PublicTests$FlightParserTest" time="0.004"/>
  <testcase name="testParser(String)[509]" classname="ex.PublicTests$FlightParserTest" time="0.001"/>
  <testcase name="testParser(String)[510]" classname="ex.PublicTests$FlightParserTest" time="0.0"/>
  <testcase name="testParser(String)[511]" classname="ex.PublicTests$FlightParserTest" time="0.003"/>
  <testcase name="testParser(String)[512]" classname="ex.PublicTests$FlightParserTest" time="0.009"/>
  <testcase name="testParser(String)[513]" classname="ex.PublicTests$FlightParserTest" time="0.002"/>
  <testcase name="testParser(String)[514]" classname="ex.PublicTests$FlightParserTest" time="0.001"/>
  <testcase name="testParser(String)[515]" classname="ex.PublicTests$FlightParserTest" time="0.0"/>
  <testcase name="testParser(String)[516]" classname="ex.PublicTests$FlightParserTest" time="0.0"/>
  <testcase name="testParser(String)[517]" classname="ex.PublicTests$FlightParserTest" time="0.0"/>
  <testcase name="testParser(String)[518]" classname="ex.PublicTests$FlightParserTest" time="0.0"/>
  <testcase name="testParser(String)[519]" classname="ex.PublicTests$FlightParserTest" time="0.0"/>
  <testcase name="testParser(String)[520]" classname="ex.PublicTests$FlightParserTest" time="0.0"/>
  <testcase name="testParser(String)[521]" classname="ex.PublicTests$FlightParserTest" time="0.0"/>
  <testcase name="testParser(String)[522]" classname="ex.PublicTests$FlightParserTest" time="0.0"/>
  <testcase name="testParser(String)[523]" classname="ex.PublicTests$FlightParserTest" time="0.0"/>
  <testcase name="testParser(String)[524]" classname="ex.PublicTests$FlightParserTest" time="0.0"/>
  <testcase name="testParser(String)[525]" classname="ex.PublicTests$FlightParserTest" time="0.0"/>
  <testcase name="testParser(String)[526]" classname="ex.PublicTests$FlightParserTest" time="0.0"/>
  <testcase name="testParser(String)[527]" classname="ex.PublicTests$FlightParserTest" time="0.001"/>
  <testcase name="testParser(String)[528]" classname="ex.PublicTests$FlightParserTest" time="0.0"/>
  <testcase name="testParser(String)[529]" classname="ex.PublicTests$FlightParserTest" time="0.0"/>
  <testcase name="testParser(String)[530]" classname="ex.PublicTests$FlightParserTest" time="0.0"/>
  <testcase name="testParser(String)[531]" classname="ex.PublicTests$FlightParserTest" time="0.0"/>
  <testcase name="testParser(String)[532]" classname="ex.PublicTests$FlightParserTest" time="0.0"/>
  <testcase name="testParser(String)[533]" classname="ex.PublicTests$FlightParserTest" time="0.0"/>
  <testcase name="testParser(String)[534]" classname="ex.PublicTests$FlightParserTest" time="0.001"/>
  <testcase name="testParser(String)[535]" classname="ex.PublicTests$FlightParserTest" time="0.0"/>
  <testcase name="testParser(String)[536]" classname="ex.PublicTests$FlightParserTest" time="0.0"/>
  <testcase name="testParser(String)[537]" classname="ex.PublicTests$FlightParserTest" time="0.001"/>
  <testcase name="testParser(String)[538]" classname="ex.PublicTests$FlightParserTest" time="0.0"/>
  <testcase name="testParser(String)[539]" classname="ex.PublicTests$FlightParserTest" time="0.001"/>
  <testcase name="testParser(String)[540]" classname="ex.PublicTests$FlightParserTest" time="0.0"/>
  <testcase name="testParser(String)[541]" classname="ex.PublicTests$FlightParserTest" time="0.0"/>
  <testcase name="testParser(String)[542]" classname="ex.PublicTests$FlightParserTest" time="0.001"/>
  <testcase name="testParser(String)[543]" classname="ex.PublicTests$FlightParserTest" time="0.0"/>
  <testcase name="testParser(String)[544]" classname="ex.PublicTests$FlightParserTest" time="0.0"/>
  <testcase name="testParser(String)[545]" classname="ex.PublicTests$FlightParserTest" time="0.0"/>
  <testcase name="testParser(String)[546]" classname="ex.PublicTests$FlightParserTest" time="0.0"/>
  <testcase name="testParser(String)[547]" classname="ex.PublicTests$FlightParserTest" time="0.0"/>
  <testcase name="testParser(String)[548]" classname="ex.PublicTests$FlightParserTest" time="0.0"/>
  <testcase name="testParser(String)[549]" classname="ex.PublicTests$FlightParserTest" time="0.003"/>
  <testcase name="testParser(String)[550]" classname="ex.PublicTests$FlightParserTest" time="0.0"/>
  <testcase name="testParser(String)[551]" classname="ex.PublicTests$FlightParserTest" time="0.005"/>
  <testcase name="testParser(String)[552]" classname="ex.PublicTests$FlightParserTest" time="0.0"/>
  <testcase name="testParser(String)[553]" classname="ex.PublicTests$FlightParserTest" time="0.0"/>
  <testcase name="testParser(String)[554]" classname="ex.PublicTests$FlightParserTest" time="0.0"/>
  <testcase name="testParser(String)[555]" classname="ex.PublicTests$FlightParserTest" time="0.002"/>
  <testcase name="testParser(String)[556]" classname="ex.PublicTests$FlightParserTest" time="0.001"/>
  <testcase name="testParser(String)[557]" classname="ex.PublicTests$FlightParserTest" time="0.0"/>
  <testcase name="testParser(String)[558]" classname="ex.PublicTests$FlightParserTest" time="0.0"/>
  <testcase name="testParser(String)[559]" classname="ex.PublicTests$FlightParserTest" time="0.001"/>
  <testcase name="testParser(String)[560]" classname="ex.PublicTests$FlightParserTest" time="0.001"/>
  <testcase name="testParser(String)[561]" classname="ex.PublicTests$FlightParserTest" time="0.0"/>
  <testcase name="testParser(String)[562]" classname="ex.PublicTests$FlightParserTest" time="0.0"/>
  <testcase name="testParser(String)[563]" classname="ex.PublicTests$FlightParserTest" time="0.0"/>
  <testcase name="testParser(String)[564]" classname="ex.PublicTests$FlightParserTest" time="0.0"/>
  <testcase name="testParser(String)[565]" classname="ex.PublicTests$FlightParserTest" time="0.0"/>
  <testcase name="testParser(String)[566]" classname="ex.PublicTests$FlightParserTest" time="0.0"/>
  <testcase name="testParser(String)[567]" classname="ex.PublicTests$FlightParserTest" time="0.0"/>
  <testcase name="testParser(String)[568]" classname="ex.PublicTests$FlightParserTest" time="0.001"/>
  <testcase name="testParser(String)[569]" classname="ex.PublicTests$FlightParserTest" time="0.0"/>
  <testcase name="testParser(String)[570]" classname="ex.PublicTests$FlightParserTest" time="0.0"/>
  <testcase name="testParser(String)[571]" classname="ex.PublicTests$FlightParserTest" time="0.0"/>
  <testcase name="testParser(String)[572]" classname="ex.PublicTests$FlightParserTest" time="0.0"/>
  <testcase name="testParser(String)[573]" classname="ex.PublicTests$FlightParserTest" time="0.0"/>
  <testcase name="testParser(String)[574]" classname="ex.PublicTests$FlightParserTest" time="0.0"/>
  <testcase name="testParser(String)[575]" classname="ex.PublicTests$FlightParserTest" time="0.002"/>
  <testcase name="testParser(String)[576]" classname="ex.PublicTests$FlightParserTest" time="0.0"/>
  <testcase name="testParser(String)[577]" classname="ex.PublicTests$FlightParserTest" time="0.001"/>
  <testcase name="testParser(String)[578]" classname="ex.PublicTests$FlightParserTest" time="0.001"/>
  <testcase name="testParser(String)[579]" classname="ex.PublicTests$FlightParserTest" time="0.0"/>
  <testcase name="testParser(String)[580]" classname="ex.PublicTests$FlightParserTest" time="0.0"/>
  <testcase name="testParser(String)[581]" classname="ex.PublicTests$FlightParserTest" time="0.0"/>
  <testcase name="testParser(String)[582]" classname="ex.PublicTests$FlightParserTest" time="0.001"/>
  <testcase name="testParser(String)[583]" classname="ex.PublicTests$FlightParserTest" time="0.0"/>
  <testcase name="testParser(String)[584]" classname="ex.PublicTests$FlightParserTest" time="0.0"/>
  <testcase name="testParser(String)[585]" classname="ex.PublicTests$FlightParserTest" time="0.0"/>
  <testcase name="testParser(String)[586]" classname="ex.PublicTests$FlightParserTest" time="0.001"/>
  <testcase name="testParser(String)[587]" classname="ex.PublicTests$FlightParserTest" time="0.001"/>
  <testcase name="testParser(String)[588]" classname="ex.PublicTests$FlightParserTest" time="0.0"/>
  <testcase name="testParser(String)[589]" classname="ex.PublicTests$FlightParserTest" time="0.001"/>
  <testcase name="testParser(String)[590]" classname="ex.PublicTests$FlightParserTest" time="0.001"/>
  <testcase name="testParser(String)[591]" classname="ex.PublicTests$FlightParserTest" time="0.0"/>
  <testcase name="testParser(String)[592]" classname="ex.PublicTests$FlightParserTest" time="0.0"/>
  <testcase name="testParser(String)[593]" classname="ex.PublicTests$FlightParserTest" time="0.0"/>
  <testcase name="testParser(String)[594]" classname="ex.PublicTests$FlightParserTest" time="0.0"/>
  <testcase name="testParser(String)[595]" classname="ex.PublicTests$FlightParserTest" time="0.001"/>
  <testcase name="testParser(String)[596]" classname="ex.PublicTests$FlightParserTest" time="0.0"/>
  <testcase name="testParser(String)[597]" classname="ex.PublicTests$FlightParserTest" time="0.0"/>
  <testcase name="testParser(String)[598]" classname="ex.PublicTests$FlightParserTest" time="0.001"/>
  <testcase name="testParser(String)[599]" classname="ex.PublicTests$FlightParserTest" time="0.0"/>
  <testcase name="testParser(String)[600]" classname="ex.PublicTests$FlightParserTest" time="0.0"/>
  <testcase name="testParser(String)[601]" classname="ex.PublicTests$FlightParserTest" time="0.0"/>
  <testcase name="testParser(String)[602]" classname="ex.PublicTests$FlightParserTest" time="0.001"/>
  <testcase name="testParser(String)[603]" classname="ex.PublicTests$FlightParserTest" time="0.001"/>
  <testcase name="testParser(String)[604]" classname="ex.PublicTests$FlightParserTest" time="0.0"/>
  <testcase name="testParser(String)[605]" classname="ex.PublicTests$FlightParserTest" time="0.002"/>
  <testcase name="testParser(String)[606]" classname="ex.PublicTests$FlightParserTest" time="0.0"/>
  <testcase name="testParser(String)[607]" classname="ex.PublicTests$FlightParserTest" time="0.001"/>
  <testcase name="testParser(String)[608]" classname="ex.PublicTests$FlightParserTest" time="0.001"/>
  <testcase name="testParser(String)[609]" classname="ex.PublicTests$FlightParserTest" time="0.0"/>
  <testcase name="testParser(String)[610]" classname="ex.PublicTests$FlightParserTest" time="0.0"/>
  <testcase name="testParser(String)[611]" classname="ex.PublicTests$FlightParserTest" time="0.001"/>
  <testcase name="testParser(String)[612]" classname="ex.PublicTests$FlightParserTest" time="0.0"/>
  <testcase name="testParser(String)[613]" classname="ex.PublicTests$FlightParserTest" time="0.0"/>
  <testcase name="testParser(String)[614]" classname="ex.PublicTests$FlightParserTest" time="0.001"/>
  <testcase name="testParser(String)[615]" classname="ex.PublicTests$FlightParserTest" time="0.0"/>
  <testcase name="testParser(String)[616]" classname="ex.PublicTests$FlightParserTest" time="0.0"/>
  <testcase name="testParser(String)[617]" classname="ex.PublicTests$FlightParserTest" time="0.0"/>
  <testcase name="testParser(String)[618]" classname="ex.PublicTests$FlightParserTest" time="0.0"/>
  <testcase name="testParser(String)[619]" classname="ex.PublicTests$FlightParserTest" time="0.008"/>
  <testcase name="testParser(String)[620]" classname="ex.PublicTests$FlightParserTest" time="0.0"/>
  <testcase name="testParser(String)[621]" classname="ex.PublicTests$FlightParserTest" time="0.0"/>
  <testcase name="testParser(String)[622]" classname="ex.PublicTests$FlightParserTest" time="0.001"/>
  <testcase name="testParser(String)[623]" classname="ex.PublicTests$FlightParserTest" time="0.0"/>
  <testcase name="testParser(String)[624]" classname="ex.PublicTests$FlightParserTest" time="0.0"/>
  <testcase name="testParser(String)[625]" classname="ex.PublicTests$FlightParserTest" time="0.0"/>
  <testcase name="testParser(String)[626]" classname="ex.PublicTests$FlightParserTest" time="0.001"/>
  <testcase name="testParser(String)[627]" classname="ex.PublicTests$FlightParserTest" time="0.003"/>
  <testcase name="testParser(String)[628]" classname="ex.PublicTests$FlightParserTest" time="0.004"/>
  <testcase name="testParser(String)[629]" classname="ex.PublicTests$FlightParserTest" time="0.008"/>
  <testcase name="testParser(String)[630]" classname="ex.PublicTests$FlightParserTest" time="0.001"/>
  <testcase name="testParser(String)[631]" classname="ex.PublicTests$FlightParserTest" time="0.0"/>
  <testcase name="testParser(String)[632]" classname="ex.PublicTests$FlightParserTest" time="0.0"/>
  <testcase name="testParser(String)[633]" classname="ex.PublicTests$FlightParserTest" time="0.001"/>
  <testcase name="testParser(String)[634]" classname="ex.PublicTests$FlightParserTest" time="0.004"/>
  <testcase name="testParser(String)[635]" classname="ex.PublicTests$FlightParserTest" time="0.003"/>
  <testcase name="testParser(String)[636]" classname="ex.PublicTests$FlightParserTest" time="0.002"/>
  <testcase name="testParser(String)[637]" classname="ex.PublicTests$FlightParserTest" time="0.001"/>
  <testcase name="testParser(String)[638]" classname="ex.PublicTests$FlightParserTest" time="0.001"/>
  <testcase name="testParser(String)[639]" classname="ex.PublicTests$FlightParserTest" time="0.0"/>
  <testcase name="testParser(String)[640]" classname="ex.PublicTests$FlightParserTest" time="0.0"/>
  <testcase name="testParser(String)[641]" classname="ex.PublicTests$FlightParserTest" time="0.001"/>
  <testcase name="testParser(String)[642]" classname="ex.PublicTests$FlightParserTest" time="0.0"/>
  <testcase name="testParser(String)[643]" classname="ex.PublicTests$FlightParserTest" time="0.001"/>
  <testcase name="testParser(String)[644]" classname="ex.PublicTests$FlightParserTest" time="0.001"/>
  <testcase name="testParser(String)[645]" classname="ex.PublicTests$FlightParserTest" time="0.001"/>
  <testcase name="testParser(String)[646]" classname="ex.PublicTests$FlightParserTest" time="0.001"/>
  <testcase name="testParser(String)[647]" classname="ex.PublicTests$FlightParserTest" time="0.002"/>
  <testcase name="testParser(String)[648]" classname="ex.PublicTests$FlightParserTest" time="0.0"/>
  <testcase name="testParser(String)[649]" classname="ex.PublicTests$FlightParserTest" time="0.001"/>
  <testcase name="testParser(String)[650]" classname="ex.PublicTests$FlightParserTest" time="0.001"/>
  <testcase name="testParser(String)[651]" classname="ex.PublicTests$FlightParserTest" time="0.0"/>
  <testcase name="testParser(String)[652]" classname="ex.PublicTests$FlightParserTest" time="0.002"/>
  <testcase name="testParser(String)[653]" classname="ex.PublicTests$FlightParserTest" time="0.001"/>
  <testcase name="testParser(String)[654]" classname="ex.PublicTests$FlightParserTest" time="0.0"/>
  <testcase name="testParser(String)[655]" classname="ex.PublicTests$FlightParserTest" time="0.001"/>
  <testcase name="testParser(String)[656]" classname="ex.PublicTests$FlightParserTest" time="0.0"/>
  <testcase name="testParser(String)[657]" classname="ex.PublicTests$FlightParserTest" time="0.0"/>
  <testcase name="testParser(String)[658]" classname="ex.PublicTests$FlightParserTest" time="0.001"/>
  <testcase name="testParser(String)[659]" classname="ex.PublicTests$FlightParserTest" time="0.0"/>
  <testcase name="testParser(String)[660]" classname="ex.PublicTests$FlightParserTest" time="0.0"/>
  <testcase name="testParser(String)[661]" classname="ex.PublicTests$FlightParserTest" time="0.0"/>
  <testcase name="testParser(String)[662]" classname="ex.PublicTests$FlightParserTest" time="0.001"/>
  <testcase name="testParser(String)[663]" classname="ex.PublicTests$FlightParserTest" time="0.0"/>
  <testcase name="testParser(String)[664]" classname="ex.PublicTests$FlightParserTest" time="0.001"/>
  <testcase name="testParser(String)[665]" classname="ex.PublicTests$FlightParserTest" time="0.0"/>
  <testcase name="testParser(String)[666]" classname="ex.PublicTests$FlightParserTest" time="0.0"/>
  <testcase name="testParser(String)[667]" classname="ex.PublicTests$FlightParserTest" time="0.0"/>
  <testcase name="testParser(String)[668]" classname="ex.PublicTests$FlightParserTest" time="0.001"/>
  <testcase name="testParser(String)[669]" classname="ex.PublicTests$FlightParserTest" time="0.0"/>
  <testcase name="testParser(String)[670]" classname="ex.PublicTests$FlightParserTest" time="0.0"/>
  <testcase name="testParser(String)[671]" classname="ex.PublicTests$FlightParserTest" time="0.001"/>
  <testcase name="testParser(String)[672]" classname="ex.PublicTests$FlightParserTest" time="0.0"/>
  <testcase name="testParser(String)[673]" classname="ex.PublicTests$FlightParserTest" time="0.0"/>
  <testcase name="testParser(String)[674]" classname="ex.PublicTests$FlightParserTest" time="0.0"/>
  <testcase name="testParser(String)[675]" classname="ex.PublicTests$FlightParserTest" time="0.0"/>
  <testcase name="testParser(String)[676]" classname="ex.PublicTests$FlightParserTest" time="0.001"/>
  <testcase name="testParser(String)[677]" classname="ex.PublicTests$FlightParserTest" time="0.001"/>
  <testcase name="testParser(String)[678]" classname="ex.PublicTests$FlightParserTest" time="0.0"/>
  <testcase name="testParser(String)[679]" classname="ex.PublicTests$FlightParserTest" time="0.0"/>
  <testcase name="testParser(String)[680]" classname="ex.PublicTests$FlightParserTest" time="0.001"/>
  <testcase name="testParser(String)[681]" classname="ex.PublicTests$FlightParserTest" time="0.0"/>
  <testcase name="testParser(String)[682]" classname="ex.PublicTests$FlightParserTest" time="0.001"/>
  <testcase name="testParser(String)[683]" classname="ex.PublicTests$FlightParserTest" time="0.0"/>
  <testcase name="testParser(String)[684]" classname="ex.PublicTests$FlightParserTest" time="0.0"/>
  <testcase name="testParser(String)[685]" classname="ex.PublicTests$FlightParserTest" time="0.0"/>
  <testcase name="testParser(String)[686]" classname="ex.PublicTests$FlightParserTest" time="0.0"/>
  <testcase name="testParser(String)[687]" classname="ex.PublicTests$FlightParserTest" time="0.001"/>
  <testcase name="testParser(String)[688]" classname="ex.PublicTests$FlightParserTest" time="0.031"/>
  <testcase name="testParser(String)[689]" classname="ex.PublicTests$FlightParserTest" time="0.001"/>
  <testcase name="testParser(String)[690]" classname="ex.PublicTests$FlightParserTest" time="0.0"/>
  <testcase name="testParser(String)[691]" classname="ex.PublicTests$FlightParserTest" time="0.0"/>
  <testcase name="testParser(String)[692]" classname="ex.PublicTests$FlightParserTest" time="0.0"/>
  <testcase name="testParser(String)[693]" classname="ex.PublicTests$FlightParserTest" time="0.001"/>
  <testcase name="testParser(String)[694]" classname="ex.PublicTests$FlightParserTest" time="0.0"/>
  <testcase name="testParser(String)[695]" classname="ex.PublicTests$FlightParserTest" time="0.0"/>
  <testcase name="testParser(String)[696]" classname="ex.PublicTests$FlightParserTest" time="0.001"/>
  <testcase name="testParser(String)[697]" classname="ex.PublicTests$FlightParserTest" time="0.0"/>
  <testcase name="testParser(String)[698]" classname="ex.PublicTests$FlightParserTest" time="0.0"/>
  <testcase name="testParser(String)[699]" classname="ex.PublicTests$FlightParserTest" time="0.0"/>
  <testcase name="testParser(String)[700]" classname="ex.PublicTests$FlightParserTest" time="0.0"/>
  <testcase name="testParser(String)[701]" classname="ex.PublicTests$FlightParserTest" time="0.001"/>
  <testcase name="testParser(String)[702]" classname="ex.PublicTests$FlightParserTest" time="0.0"/>
  <testcase name="testParser(String)[703]" classname="ex.PublicTests$FlightParserTest" time="0.0"/>
  <testcase name="testParser(String)[704]" classname="ex.PublicTests$FlightParserTest" time="0.0"/>
  <testcase name="testParser(String)[705]" classname="ex.PublicTests$FlightParserTest" time="0.0"/>
  <testcase name="testParser(String)[706]" classname="ex.PublicTests$FlightParserTest" time="0.001"/>
  <testcase name="testParser(String)[707]" classname="ex.PublicTests$FlightParserTest" time="0.0"/>
  <testcase name="testParser(String)[708]" classname="ex.PublicTests$FlightParserTest" time="0.0"/>
  <testcase name="testParser(String)[709]" classname="ex.PublicTests$FlightParserTest" time="0.0"/>
  <testcase name="testParser(String)[710]" classname="ex.PublicTests$FlightParserTest" time="0.0"/>
  <testcase name="testParser(String)[711]" classname="ex.PublicTests$FlightParserTest" time="0.001"/>
  <testcase name="testParser(String)[712]" classname="ex.PublicTests$FlightParserTest" time="0.001"/>
  <testcase name="testParser(String)[713]" classname="ex.PublicTests$FlightParserTest" time="0.0"/>
  <testcase name="testParser(String)[714]" classname="ex.PublicTests$FlightParserTest" time="0.0"/>
  <testcase name="testParser(String)[715]" classname="ex.PublicTests$FlightParserTest" time="0.001"/>
  <testcase name="testParser(String)[716]" classname="ex.PublicTests$FlightParserTest" time="0.0"/>
  <testcase name="testParser(String)[717]" classname="ex.PublicTests$FlightParserTest" time="0.0"/>
  <testcase name="testParser(String)[718]" classname="ex.PublicTests$FlightParserTest" time="0.001"/>
  <testcase name="testParser(String)[719]" classname="ex.PublicTests$FlightParserTest" time="0.0"/>
  <testcase name="testParser(String)[720]" classname="ex.PublicTests$FlightParserTest" time="0.0"/>
  <testcase name="testParser(String)[721]" classname="ex.PublicTests$FlightParserTest" time="0.001"/>
  <testcase name="testParser(String)[722]" classname="ex.PublicTests$FlightParserTest" time="0.001"/>
  <testcase name="testParser(String)[723]" classname="ex.PublicTests$FlightParserTest" time="0.001"/>
  <testcase name="testParser(String)[724]" classname="ex.PublicTests$FlightParserTest" time="0.0"/>
  <testcase name="testParser(String)[725]" classname="ex.PublicTests$FlightParserTest" time="0.0"/>
  <testcase name="testParser(String)[726]" classname="ex.PublicTests$FlightParserTest" time="0.001"/>
  <testcase name="testParser(String)[727]" classname="ex.PublicTests$FlightParserTest" time="0.0"/>
  <testcase name="testParser(String)[728]" classname="ex.PublicTests$FlightParserTest" time="0.0"/>
  <testcase name="testParser(String)[729]" classname="ex.PublicTests$FlightParserTest" time="0.001"/>
  <testcase name="testParser(String)[730]" classname="ex.PublicTests$FlightParserTest" time="0.0"/>
  <testcase name="testParser(String)[731]" classname="ex.PublicTests$FlightParserTest" time="0.0"/>
  <testcase name="testParser(String)[732]" classname="ex.PublicTests$FlightParserTest" time="0.001"/>
  <testcase name="testParser(String)[733]" classname="ex.PublicTests$FlightParserTest" time="0.0"/>
  <testcase name="testParser(String)[734]" classname="ex.PublicTests$FlightParserTest" time="0.0"/>
  <testcase name="testParser(String)[735]" classname="ex.PublicTests$FlightParserTest" time="0.0"/>
  <testcase name="testParser(String)[736]" classname="ex.PublicTests$FlightParserTest" time="0.001"/>
  <testcase name="testParser(String)[737]" classname="ex.PublicTests$FlightParserTest" time="0.0"/>
  <testcase name="testParser(String)[738]" classname="ex.PublicTests$FlightParserTest" time="0.0"/>
  <testcase name="testParser(String)[739]" classname="ex.PublicTests$FlightParserTest" time="0.001"/>
  <testcase name="testParser(String)[740]" classname="ex.PublicTests$FlightParserTest" time="0.0"/>
  <testcase name="testParser(String)[741]" classname="ex.PublicTests$FlightParserTest" time="0.001"/>
  <testcase name="testParser(String)[742]" classname="ex.PublicTests$FlightParserTest" time="0.0"/>
  <testcase name="testParser(String)[743]" classname="ex.PublicTests$FlightParserTest" time="0.0"/>
  <testcase name="testParser(String)[744]" classname="ex.PublicTests$FlightParserTest" time="0.001"/>
  <testcase name="testParser(String)[745]" classname="ex.PublicTests$FlightParserTest" time="0.0"/>
  <testcase name="testParser(String)[746]" classname="ex.PublicTests$FlightParserTest" time="0.0"/>
  <testcase name="testParser(String)[747]" classname="ex.PublicTests$FlightParserTest" time="0.0"/>
  <testcase name="testParser(String)[748]" classname="ex.PublicTests$FlightParserTest" time="0.0"/>
  <testcase name="testParser(String)[749]" classname="ex.PublicTests$FlightParserTest" time="0.001"/>
  <testcase name="testParser(String)[750]" classname="ex.PublicTests$FlightParserTest" time="0.0"/>
  <testcase name="testParser(String)[751]" classname="ex.PublicTests$FlightParserTest" time="0.001"/>
  <testcase name="testParser(String)[752]" classname="ex.PublicTests$FlightParserTest" time="0.0"/>
  <testcase name="testParser(String)[753]" classname="ex.PublicTests$FlightParserTest" time="0.0"/>
  <testcase name="testParser(String)[754]" classname="ex.PublicTests$FlightParserTest" time="0.0"/>
  <testcase name="testParser(String)[755]" classname="ex.PublicTests$FlightParserTest" time="0.0"/>
  <testcase name="testParser(String)[756]" classname="ex.PublicTests$FlightParserTest" time="0.0"/>
  <testcase name="testParser(String)[757]" classname="ex.PublicTests$FlightParserTest" time="0.003"/>
  <testcase name="testParser(String)[758]" classname="ex.PublicTests$FlightParserTest" time="0.001"/>
  <testcase name="testParser(String)[759]" classname="ex.PublicTests$FlightParserTest" time="0.003"/>
  <testcase name="testParser(String)[760]" classname="ex.PublicTests$FlightParserTest" time="0.0"/>
  <testcase name="testParser(String)[761]" classname="ex.PublicTests$FlightParserTest" time="0.001"/>
  <testcase name="testParser(String)[762]" classname="ex.PublicTests$FlightParserTest" time="0.003"/>
  <testcase name="testParser(String)[763]" classname="ex.PublicTests$FlightParserTest" time="0.001"/>
  <testcase name="testParser(String)[764]" classname="ex.PublicTests$FlightParserTest" time="0.0"/>
  <testcase name="testParser(String)[765]" classname="ex.PublicTests$FlightParserTest" time="0.0"/>
  <testcase name="testParser(String)[766]" classname="ex.PublicTests$FlightParserTest" time="0.004"/>
  <testcase name="testParser(String)[767]" classname="ex.PublicTests$FlightParserTest" time="0.0"/>
  <testcase name="testParser(String)[768]" classname="ex.PublicTests$FlightParserTest" time="0.007"/>
  <testcase name="testParser(String)[769]" classname="ex.PublicTests$FlightParserTest" time="0.004"/>
  <testcase name="testParser(String)[770]" classname="ex.PublicTests$FlightParserTest" time="0.0"/>
  <testcase name="testParser(String)[771]" classname="ex.PublicTests$FlightParserTest" time="0.0"/>
  <testcase name="testParser(String)[772]" classname="ex.PublicTests$FlightParserTest" time="0.002"/>
  <testcase name="testParser(String)[773]" classname="ex.PublicTests$FlightParserTest" time="0.003"/>
  <testcase name="testParser(String)[774]" classname="ex.PublicTests$FlightParserTest" time="0.0"/>
  <testcase name="testParser(String)[775]" classname="ex.PublicTests$FlightParserTest" time="0.0"/>
  <testcase name="testParser(String)[776]" classname="ex.PublicTests$FlightParserTest" time="0.0"/>
  <testcase name="testParser(String)[777]" classname="ex.PublicTests$FlightParserTest" time="0.0"/>
  <testcase name="testParser(String)[778]" classname="ex.PublicTests$FlightParserTest" time="0.0"/>
  <testcase name="testParser(String)[779]" classname="ex.PublicTests$FlightParserTest" time="0.0"/>
  <testcase name="testParser(String)[780]" classname="ex.PublicTests$FlightParserTest" time="0.0"/>
  <testcase name="testParser(String)[781]" classname="ex.PublicTests$FlightParserTest" time="0.0"/>
  <testcase name="testParser(String)[782]" classname="ex.PublicTests$FlightParserTest" time="0.0"/>
  <testcase name="testParser(String)[783]" classname="ex.PublicTests$FlightParserTest" time="0.0"/>
  <testcase name="testParser(String)[784]" classname="ex.PublicTests$FlightParserTest" time="0.0"/>
  <testcase name="testParser(String)[785]" classname="ex.PublicTests$FlightParserTest" time="0.0"/>
  <testcase name="testParser(String)[786]" classname="ex.PublicTests$FlightParserTest" time="0.0"/>
  <testcase name="testParser(String)[787]" classname="ex.PublicTests$FlightParserTest" time="0.0"/>
  <testcase name="testParser(String)[788]" classname="ex.PublicTests$FlightParserTest" time="0.001"/>
  <testcase name="testParser(String)[789]" classname="ex.PublicTests$FlightParserTest" time="0.0"/>
  <testcase name="testParser(String)[790]" classname="ex.PublicTests$FlightParserTest" time="0.0"/>
[...]
  <testcase name="testParser(String)[6346]" classname="ex.PublicTests$FlightParserTest" time="0.0"/>
  <testcase name="testParser(String)[6347]" classname="ex.PublicTests$FlightParserTest" time="0.0"/>
  <testcase name="testParser(String)[6348]" classname="ex.PublicTests$FlightParserTest" time="0.0"/>
  <testcase name="testParser(String)[6349]" classname="ex.PublicTests$FlightParserTest" time="0.0"/>
  <testcase name="testParser(String)[6350]" classname="ex.PublicTests$FlightParserTest" time="0.0"/>
  <testcase name="testParser(String)[6351]" classname="ex.PublicTests$FlightParserTest" time="0.001"/>
  <testcase name="testParser(String)[6352]" classname="ex.PublicTests$FlightParserTest" time="0.0"/>
  <testcase name="testParser(String)[6353]" classname="ex.PublicTests$FlightParserTest" time="0.001"/>
  <testcase name="testParser(String)[6354]" classname="ex.PublicTests$FlightParserTest" time="0.0"/>
  <testcase name="testParser(String)[6355]" classname="ex.PublicTests$FlightParserTest" time="0.001"/>
  <testcase name="testParser(String)[6356]" classname="ex.PublicTests$FlightParserTest" time="0.0"/>
  <testcase name="testParser(String)[6357]" classname="ex.PublicTests$FlightParserTest" time="0.0"/>
  <testcase name="testParser(String)[6358]" classname="ex.PublicTests$FlightParserTest" time="0.0"/>
  <testcase name="testParser(String)[6359]" classname="ex.PublicTests$FlightParserTest" time="0.0"/>
  <testcase name="testParser(String)[6360]" classname="ex.PublicTests$FlightParserTest" time="0.0"/>
  <testcase name="testParser(String)[6361]" classname="ex.PublicTests$FlightParserTest" time="0.001"/>
  <testcase name="testParser(String)[6362]" classname="ex.PublicTests$FlightParserTest" time="0.001"/>
  <testcase name="testParser(String)[6363]" classname="ex.PublicTests$FlightParserTest" time="0.0"/>
  <testcase name="testParser(String)[6364]" classname="ex.PublicTests$FlightParserTest" time="0.001"/>
  <testcase name="testParser(String)[6365]" classname="ex.PublicTests$FlightParserTest" time="0.001"/>
  <testcase name="testParser(String)[6366]" classname="ex.PublicTests$FlightParserTest" time="0.0"/>
  <testcase name="testParser(String)[6367]" classname="ex.PublicTests$FlightParserTest" time="0.0"/>
  <testcase name="testParser(String)[6368]" classname="ex.PublicTests$FlightParserTest" time="0.0"/>
  <testcase name="testParser(String)[6369]" classname="ex.PublicTests$FlightParserTest" time="0.001"/>
  <testcase name="testParser(String)[6370]" classname="ex.PublicTests$FlightParserTest" time="0.001"/>
  <testcase name="testParser(String)[6371]" classname="ex.PublicTests$FlightParserTest" time="0.001"/>
  <testcase name="testParser(String)[6372]" classname="ex.PublicTests$FlightParserTest" time="0.0"/>
  <testcase name="testParser(String)[6373]" classname="ex.PublicTests$FlightParserTest" time="0.0"/>
  <testcase name="testParser(String)[6374]" classname="ex.PublicTests$FlightParserTest" time="0.0"/>
  <testcase name="testParser(String)[6375]" classname="ex.PublicTests$FlightParserTest" time="0.001"/>
  <testcase name="testParser(String)[6376]" classname="ex.PublicTests$FlightParserTest" time="0.0"/>
  <testcase name="testParser(String)[6377]" classname="ex.PublicTests$FlightParserTest" time="0.0"/>
  <testcase name="testParser(String)[6378]" classname="ex.PublicTests$FlightParserTest" time="0.001"/>
  <testcase name="testParser(String)[6379]" classname="ex.PublicTests$FlightParserTest" time="0.0"/>
  <testcase name="testParser(String)[6380]" classname="ex.PublicTests$FlightParserTest" time="0.0"/>
  <testcase name="testParser(String)[6381]" classname="ex.PublicTests$FlightParserTest" time="0.0"/>
  <testcase name="testParser(String)[6382]" classname="ex.PublicTests$FlightParserTest" time="0.001"/>
  <testcase name="testParser(String)[6383]" classname="ex.PublicTests$FlightParserTest" time="0.0"/>
  <testcase name="testParser(String)[6384]" classname="ex.PublicTests$FlightParserTest" time="0.0"/>
  <testcase name="testParser(String)[6385]" classname="ex.PublicTests$FlightParserTest" time="0.0"/>
  <testcase name="testParser(String)[6386]" classname="ex.PublicTests$FlightParserTest" time="0.001"/>
  <testcase name="testParser(String)[6387]" classname="ex.PublicTests$FlightParserTest" time="0.0"/>
  <testcase name="testParser(String)[6388]" classname="ex.PublicTests$FlightParserTest" time="0.0"/>
  <testcase name="testParser(String)[6389]" classname="ex.PublicTests$FlightParserTest" time="0.0"/>
  <testcase name="testParser(String)[6390]" classname="ex.PublicTests$FlightParserTest" time="0.0"/>
  <testcase name="testParser(String)[6391]" classname="ex.PublicTests$FlightParserTest" time="0.0"/>
  <testcase name="testParser(String)[6392]" classname="ex.PublicTests$FlightParserTest" time="0.001"/>
  <testcase name="testParser(String)[6393]" classname="ex.PublicTests$FlightParserTest" time="0.001"/>
  <testcase name="testParser(String)[6394]" classname="ex.PublicTests$FlightParserTest" time="0.0"/>
  <testcase name="testParser(String)[6395]" classname="ex.PublicTests$FlightParserTest" time="0.0"/>
  <testcase name="testParser(String)[6396]" classname="ex.PublicTests$FlightParserTest" time="0.0"/>
  <testcase name="testParser(String)[6397]" classname="ex.PublicTests$FlightParserTest" time="0.0"/>
  <testcase name="testParser(String)[6398]" classname="ex.PublicTests$FlightParserTest" time="0.001"/>
  <testcase name="testParser(String)[6399]" classname="ex.PublicTests$FlightParserTest" time="0.001"/>
  <testcase name="testParser(String)[6400]" classname="ex.PublicTests$FlightParserTest" time="0.0"/>
  <testcase name="testParser(String)[6401]" classname="ex.PublicTests$FlightParserTest" time="0.0"/>
  <testcase name="testParser(String)[6402]" classname="ex.PublicTests$FlightParserTest" time="0.001"/>
  <testcase name="testParser(String)[6403]" classname="ex.PublicTests$FlightParserTest" time="0.0"/>
  <testcase name="testParser(String)[6404]" classname="ex.PublicTests$FlightParserTest" time="0.001"/>
  <testcase name="testParser(String)[6405]" classname="ex.PublicTests$FlightParserTest" time="0.0"/>
  <testcase name="testParser(String)[6406]" classname="ex.PublicTests$FlightParserTest" time="0.001"/>
  <testcase name="testParser(String)[6407]" classname="ex.PublicTests$FlightParserTest" time="0.001"/>
  <testcase name="testParser(String)[6408]" classname="ex.PublicTests$FlightParserTest" time="0.0"/>
  <testcase name="testParser(String)[6409]" classname="ex.PublicTests$FlightParserTest" time="0.0"/>
  <testcase name="testParser(String)[6410]" classname="ex.PublicTests$FlightParserTest" time="0.001"/>
  <testcase name="testParser(String)[6411]" classname="ex.PublicTests$FlightParserTest" time="0.001"/>
  <testcase name="testParser(String)[6412]" classname="ex.PublicTests$FlightParserTest" time="0.0"/>
  <testcase name="testParser(String)[6413]" classname="ex.PublicTests$FlightParserTest" time="0.0"/>
  <testcase name="testParser(String)[6414]" classname="ex.PublicTests$FlightParserTest" time="0.001"/>
  <testcase name="testParser(String)[6415]" classname="ex.PublicTests$FlightParserTest" time="0.0"/>
  <testcase name="testParser(String)[6416]" classname="ex.PublicTests$FlightParserTest" time="0.0"/>
  <testcase name="testParser(String)[6417]" classname="ex.PublicTests$FlightParserTest" time="0.001"/>
  <testcase name="testParser(String)[6418]" classname="ex.PublicTests$FlightParserTest" time="0.0"/>
  <testcase name="testParser(String)[6419]" classname="ex.PublicTests$FlightParserTest" time="0.0"/>
  <testcase name="testParser(String)[6420]" classname="ex.PublicTests$FlightParserTest" time="0.0"/>
  <testcase name="testParser(String)[6421]" classname="ex.PublicTests$FlightParserTest" time="0.0"/>
  <testcase name="testParser(String)[6422]" classname="ex.PublicTests$FlightParserTest" time="0.0"/>
  <testcase name="testParser(String)[6423]" classname="ex.PublicTests$FlightParserTest" time="0.0"/>
  <testcase name="testParser(String)[6424]" classname="ex.PublicTests$FlightParserTest" time="0.001"/>
  <testcase name="testParser(String)[6425]" classname="ex.PublicTests$FlightParserTest" time="0.0"/>
  <testcase name="testParser(String)[6426]" classname="ex.PublicTests$FlightParserTest" time="0.0"/>
  <testcase name="testParser(String)[6427]" classname="ex.PublicTests$FlightParserTest" time="0.001"/>
  <testcase name="testParser(String)[6428]" classname="ex.PublicTests$FlightParserTest" time="0.001"/>
  <testcase name="testParser(String)[6429]" classname="ex.PublicTests$FlightParserTest" time="0.002"/>
  <testcase name="testParser(String)[6430]" classname="ex.PublicTests$FlightParserTest" time="0.001"/>
  <testcase name="testParser(String)[6431]" classname="ex.PublicTests$FlightParserTest" time="0.0"/>
  <testcase name="testParser(String)[6432]" classname="ex.PublicTests$FlightParserTest" time="0.0"/>
  <testcase name="testParser(String)[6433]" classname="ex.PublicTests$FlightParserTest" time="0.0"/>
  <testcase name="testParser(String)[6434]" classname="ex.PublicTests$FlightParserTest" time="0.001"/>
  <testcase name="testParser(String)[6435]" classname="ex.PublicTests$FlightParserTest" time="0.001"/>
  <testcase name="testParser(String)[6436]" classname="ex.PublicTests$FlightParserTest" time="0.0"/>
  <testcase name="testParser(String)[6437]" classname="ex.PublicTests$FlightParserTest" time="0.0"/>
  <testcase name="testParser(String)[6438]" classname="ex.PublicTests$FlightParserTest" time="0.001"/>
  <testcase name="testParser(String)[6439]" classname="ex.PublicTests$FlightParserTest" time="0.001"/>
  <testcase name="testParser(String)[6440]" classname="ex.PublicTests$FlightParserTest" time="0.001"/>
  <testcase name="testParser(String)[6441]" classname="ex.PublicTests$FlightParserTest" time="0.0"/>
  <testcase name="testParser(String)[6442]" classname="ex.PublicTests$FlightParserTest" time="0.0"/>
  <testcase name="testParser(String)[6443]" classname="ex.PublicTests$FlightParserTest" time="0.001"/>
  <testcase name="testParser(String)[6444]" classname="ex.PublicTests$FlightParserTest" time="0.001"/>
  <testcase name="testParser(String)[6445]" classname="ex.PublicTests$FlightParserTest" time="0.0"/>
  <testcase name="testParser(String)[6446]" classname="ex.PublicTests$FlightParserTest" time="0.0"/>
  <testcase name="testParser(String)[6447]" classname="ex.PublicTests$FlightParserTest" time="0.0"/>
  <testcase name="testParser(String)[6448]" classname="ex.PublicTests$FlightParserTest" time="0.0"/>
  <testcase name="testParser(String)[6449]" classname="ex.PublicTests$FlightParserTest" time="0.001"/>
  <testcase name="testParser(String)[6450]" classname="ex.PublicTests$FlightParserTest" time="0.0"/>
  <testcase name="testParser(String)[6451]" classname="ex.PublicTests$FlightParserTest" time="0.0"/>
  <testcase name="testParser(String)[6452]" classname="ex.PublicTests$FlightParserTest" time="0.001"/>
  <testcase name="testParser(String)[6453]" classname="ex.PublicTests$FlightParserTest" time="0.0"/>
  <testcase name="testParser(String)[6454]" classname="ex.PublicTests$FlightParserTest" time="0.0"/>
  <testcase name="testParser(String)[6455]" classname="ex.PublicTests$FlightParserTest" time="0.001"/>
  <testcase name="testParser(String)[6456]" classname="ex.PublicTests$FlightParserTest" time="0.001"/>
  <testcase name="testParser(String)[6457]" classname="ex.PublicTests$FlightParserTest" time="0.0"/>
  <testcase name="testParser(String)[6458]" classname="ex.PublicTests$FlightParserTest" time="0.0"/>
  <testcase name="testParser(String)[6459]" classname="ex.PublicTests$FlightParserTest" time="0.001"/>
  <testcase name="testParser(String)[6460]" classname="ex.PublicTests$FlightParserTest" time="0.001"/>
  <testcase name="testParser(String)[6461]" classname="ex.PublicTests$FlightParserTest" time="0.0"/>
  <testcase name="testParser(String)[6462]" classname="ex.PublicTests$FlightParserTest" time="0.0"/>
  <testcase name="testParser(String)[6463]" classname="ex.PublicTests$FlightParserTest" time="0.001"/>
  <testcase name="testParser(String)[6464]" classname="ex.PublicTests$FlightParserTest" time="0.0"/>
  <testcase name="testParser(String)[6465]" classname="ex.PublicTests$FlightParserTest" time="0.0"/>
  <testcase name="testParser(String)[6466]" classname="ex.PublicTests$FlightParserTest" time="0.002"/>
  <testcase name="testParser(String)[6467]" classname="ex.PublicTests$FlightParserTest" time="0.001"/>
  <testcase name="testParser(String)[6468]" classname="ex.PublicTests$FlightParserTest" time="0.0"/>
  <testcase name="testParser(String)[6469]" classname="ex.PublicTests$FlightParserTest" time="0.001"/>
  <testcase name="testParser(String)[6470]" classname="ex.PublicTests$FlightParserTest" time="0.0"/>
  <testcase name="testParser(String)[6471]" classname="ex.PublicTests$FlightParserTest" time="0.0"/>
  <testcase name="testParser(String)[6472]" classname="ex.PublicTests$FlightParserTest" time="0.0"/>
  <testcase name="testParser(String)[6473]" classname="ex.PublicTests$FlightParserTest" time="0.001"/>
  <testcase name="testParser(String)[6474]" classname="ex.PublicTests$FlightParserTest" time="0.001"/>
  <testcase name="testParser(String)[6475]" classname="ex.PublicTests$FlightParserTest" time="0.001"/>
  <testcase name="testParser(String)[6476]" classname="ex.PublicTests$FlightParserTest" time="0.0"/>
  <testcase name="testParser(String)[6477]" classname="ex.PublicTests$FlightParserTest" time="0.001"/>
  <testcase name="testParser(String)[6478]" classname="ex.PublicTests$FlightParserTest" time="0.001"/>
  <testcase name="testParser(String)[6479]" classname="ex.PublicTests$FlightParserTest" time="0.001"/>
  <testcase name="testParser(String)[6480]" classname="ex.PublicTests$FlightParserTest" time="0.0"/>
  <testcase name="testParser(String)[6481]" classname="ex.PublicTests$FlightParserTest" time="0.0"/>
  <testcase name="testParser(String)[6482]" classname="ex.PublicTests$FlightParserTest" time="0.001"/>
  <testcase name="testParser(String)[6483]" classname="ex.PublicTests$FlightParserTest" time="0.0"/>
  <testcase name="testParser(String)[6484]" classname="ex.PublicTests$FlightParserTest" time="0.0"/>
  <testcase name="testParser(String)[6485]" classname="ex.PublicTests$FlightParserTest" time="0.001"/>
  <testcase name="testParser(String)[6486]" classname="ex.PublicTests$FlightParserTest" time="0.0"/>
  <testcase name="testParser(String)[6487]" classname="ex.PublicTests$FlightParserTest" time="0.0"/>
  <testcase name="testParser(String)[6488]" classname="ex.PublicTests$FlightParserTest" time="0.001"/>
  <testcase name="testParser(String)[6489]" classname="ex.PublicTests$FlightParserTest" time="0.001"/>
  <testcase name="testParser(String)[6490]" classname="ex.PublicTests$FlightParserTest" time="0.0"/>
  <testcase name="testParser(String)[6491]" classname="ex.PublicTests$FlightParserTest" time="0.0"/>
  <testcase name="testParser(String)[6492]" classname="ex.PublicTests$FlightParserTest" time="0.0"/>
  <testcase name="testParser(String)[6493]" classname="ex.PublicTests$FlightParserTest" time="0.001"/>
  <testcase name="testParser(String)[6494]" classname="ex.PublicTests$FlightParserTest" time="0.0"/>
  <testcase name="testParser(String)[6495]" classname="ex.PublicTests$FlightParserTest" time="0.0"/>
  <testcase name="testParser(String)[6496]" classname="ex.PublicTests$FlightParserTest" time="0.001"/>
  <testcase name="testParser(String)[6497]" classname="ex.PublicTests$FlightParserTest" time="0.0"/>
  <testcase name="testParser(String)[6498]" classname="ex.PublicTests$FlightParserTest" time="0.0"/>
  <testcase name="testParser(String)[6499]" classname="ex.PublicTests$FlightParserTest" time="0.001"/>
  <testcase name="testParser(String)[6500]" classname="ex.PublicTests$FlightParserTest" time="0.0"/>
  <testcase name="testParser(String)[6501]" classname="ex.PublicTests$FlightParserTest" time="0.0"/>
  <testcase name="testParser(String)[6502]" classname="ex.PublicTests$FlightParserTest" time="0.001"/>
  <testcase name="testParser(String)[6503]" classname="ex.PublicTests$FlightParserTest" time="0.0"/>
  <testcase name="testParser(String)[6504]" classname="ex.PublicTests$FlightParserTest" time="0.0"/>
  <testcase name="testParser(String)[6505]" classname="ex.PublicTests$FlightParserTest" time="0.001"/>
  <testcase name="testParser(String)[6506]" classname="ex.PublicTests$FlightParserTest" time="0.0"/>
  <testcase name="testParser(String)[6507]" classname="ex.PublicTests$FlightParserTest" time="0.0"/>
  <testcase name="testParser(String)[6508]" classname="ex.PublicTests$FlightParserTest" time="0.001"/>
  <testcase name="testParser(String)[6509]" classname="ex.PublicTests$FlightParserTest" time="0.0"/>
  <testcase name="testParser(String)[6510]" classname="ex.PublicTests$FlightParserTest" time="0.0"/>
  <testcase name="testParser(String)[6511]" classname="ex.PublicTests$FlightParserTest" time="0.0"/>
  <testcase name="testParser(String)[6512]" classname="ex.PublicTests$FlightParserTest" time="0.0"/>
  <testcase name="testParser(String)[6513]" classname="ex.PublicTests$FlightParserTest" time="0.0"/>
  <testcase name="testParser(String)[6514]" classname="ex.PublicTests$FlightParserTest" time="0.001"/>
  <testcase name="testParser(String)[6515]" classname="ex.PublicTests$FlightParserTest" time="0.001"/>
  <testcase name="testParser(String)[6516]" classname="ex.PublicTests$FlightParserTest" time="0.001"/>
  <testcase name="testParser(String)[6517]" classname="ex.PublicTests$FlightParserTest" time="0.0"/>
  <testcase name="testParser(String)[6518]" classname="ex.PublicTests$FlightParserTest" time="0.0"/>
  <testcase name="testParser(String)[6519]" classname="ex.PublicTests$FlightParserTest" time="0.001"/>
  <testcase name="testParser(String)[6520]" classname="ex.PublicTests$FlightParserTest" time="0.001"/>
  <testcase name="testParser(String)[6521]" classname="ex.PublicTests$FlightParserTest" time="0.0"/>
  <testcase name="testParser(String)[6522]" classname="ex.PublicTests$FlightParserTest" time="0.0"/>
  <testcase name="testParser(String)[6523]" classname="ex.PublicTests$FlightParserTest" time="0.0"/>
  <testcase name="testParser(String)[6524]" classname="ex.PublicTests$FlightParserTest" time="0.0"/>
  <testcase name="testParser(String)[6525]" classname="ex.PublicTests$FlightParserTest" time="0.001"/>
  <testcase name="testParser(String)[6526]" classname="ex.PublicTests$FlightParserTest" time="0.001"/>
  <testcase name="testParser(String)[6527]" classname="ex.PublicTests$FlightParserTest" time="0.0"/>
  <testcase name="testParser(String)[6528]" classname="ex.PublicTests$FlightParserTest" time="0.0"/>
  <testcase name="testParser(String)[6529]" classname="ex.PublicTests$FlightParserTest" time="0.001"/>
  <testcase name="testParser(String)[6530]" classname="ex.PublicTests$FlightParserTest" time="0.0"/>
  <testcase name="testParser(String)[6531]" classname="ex.PublicTests$FlightParserTest" time="0.0"/>
  <testcase name="testParser(String)[6532]" classname="ex.PublicTests$FlightParserTest" time="0.0"/>
  <testcase name="testParser(String)[6533]" classname="ex.PublicTests$FlightParserTest" time="0.0"/>
  <testcase name="testParser(String)[6534]" classname="ex.PublicTests$FlightParserTest" time="0.0"/>
  <testcase name="testParser(String)[6535]" classname="ex.PublicTests$FlightParserTest" time="0.001"/>
  <testcase name="testParser(String)[6536]" classname="ex.PublicTests$FlightParserTest" time="0.0"/>
  <testcase name="testParser(String)[6537]" classname="ex.PublicTests$FlightParserTest" time="0.0"/>
  <testcase name="testParser(String)[6538]" classname="ex.PublicTests$FlightParserTest" time="0.001"/>
  <testcase name="testParser(String)[6539]" classname="ex.PublicTests$FlightParserTest" time="0.001"/>
  <testcase name="testParser(String)[6540]" classname="ex.PublicTests$FlightParserTest" time="0.001"/>
  <system-out><![CDATA[]]></system-out>
  <system-err><![CDATA[]]></system-err>
</testsuite>
